2019-08-25 21:01:39,930 file.manager INFO 1.2.0
2019-08-25 21:01:39,930 file.manager INFO Copyright (C) 2003-2010
2019-08-25 21:01:39,930 file.manager INFO   Noriaki Ando
2019-08-25 21:01:39,930 file.manager INFO   Intelligent Systems Research Institute, AIST
2019-08-25 21:01:39,930 file.manager INFO Manager starting.
2019-08-25 21:01:39,930 file.manager INFO Starting local logging.
2019-08-25 21:01:39,936 file.manager.namingmanager INFO NameServer connection succeeded: corba/localhost
2019-08-25 21:01:41,946 file.ManagerServant INFO Master manager not found
2019-08-25 21:01:41,947 file.LocalServiceAdmin INFO All the local services are enabled.
2019-08-25 21:01:41,951 file.manager INFO Component type conf file: RSNPUnitConnector.conf loaded.
2019-08-25 21:01:41,956 file.ec_base INFO setRate(1000000.000000) done
2019-08-25 21:01:41,956 file.ec_base INFO setRate(1000.000000) done
2019-08-25 21:01:41,957 file.rtobject INFO 1 execution context was created.
2019-08-25 21:01:41,957 file.rtobject INFO Initial active configuration set is default.
2019-08-25 21:01:44,660 file.SdoServiceAdmin WARNING No available SDO service in the factory: 
2019-08-25 21:01:44,660 file.SdoServiceAdmin ERROR type  already exists.
2019-08-25 21:01:51,966 file.ec_worker ERROR State of the RTC is not ACTIVE_STATE.
2019-08-25 21:01:51,969 file.ec_worker WARNING ExecutionContext is already stopped.
2019-08-25 21:01:51,970 file.ec_base ERROR Invoking on_shutdown() for each RTC failed.
2019-08-25 21:01:54,051 file.ManagerServant INFO Master manager not found
