2019-08-14 15:05:37,650 file.manager INFO 1.2.0
2019-08-14 15:05:37,651 file.manager INFO Copyright (C) 2003-2010
2019-08-14 15:05:37,651 file.manager INFO   Noriaki Ando
2019-08-14 15:05:37,651 file.manager INFO   Intelligent Systems Research Institute, AIST
2019-08-14 15:05:37,651 file.manager INFO Manager starting.
2019-08-14 15:05:37,651 file.manager INFO Starting local logging.
2019-08-14 15:05:37,838 file.manager.namingmanager INFO NameServer connection succeeded: corba/localhost
2019-08-14 15:05:41,889 file.ManagerServant INFO Master manager not found
2019-08-14 15:05:41,893 file.LocalServiceAdmin INFO All the local services are enabled.
2019-08-14 15:05:41,903 file.manager INFO Component type conf file: RSNPUnitConnector.conf loaded.
2019-08-14 15:05:41,916 file.ec_base INFO setRate(1000000.000000) done
2019-08-14 15:05:41,917 file.ec_base INFO setRate(1000.000000) done
2019-08-14 15:05:41,919 file.rtobject INFO 1 execution context was created.
2019-08-14 15:05:41,922 file.rtobject INFO Initial active configuration set is default.
2019-08-14 15:05:43,689 file.SdoServiceAdmin WARNING No available SDO service in the factory: 
2019-08-14 15:05:43,689 file.SdoServiceAdmin ERROR type  already exists.
2019-08-14 15:05:56,047 file.ManagerServant INFO Master manager not found
2019-08-14 15:06:10,201 file.ManagerServant INFO Master manager not found
2019-08-14 15:06:24,351 file.ManagerServant INFO Master manager not found
2019-08-14 15:06:38,496 file.ManagerServant INFO Master manager not found
2019-08-14 15:06:52,635 file.ManagerServant INFO Master manager not found
2019-08-14 15:07:06,785 file.ManagerServant INFO Master manager not found
2019-08-14 15:07:20,933 file.ManagerServant INFO Master manager not found
2019-08-14 15:07:35,086 file.ManagerServant INFO Master manager not found
2019-08-14 15:07:49,232 file.ManagerServant INFO Master manager not found
2019-08-14 15:08:03,379 file.ManagerServant INFO Master manager not found
2019-08-14 15:08:17,526 file.ManagerServant INFO Master manager not found
2019-08-14 15:08:31,664 file.ManagerServant INFO Master manager not found
2019-08-14 15:08:45,814 file.ManagerServant INFO Master manager not found
2019-08-14 15:08:59,954 file.ManagerServant INFO Master manager not found
2019-08-14 15:09:14,100 file.ManagerServant INFO Master manager not found
2019-08-14 15:09:28,255 file.ManagerServant INFO Master manager not found
2019-08-14 15:09:42,410 file.ManagerServant INFO Master manager not found
2019-08-14 15:09:56,533 file.ManagerServant INFO Master manager not found
2019-08-14 15:10:10,632 file.ManagerServant INFO Master manager not found
2019-08-14 15:10:24,755 file.ManagerServant INFO Master manager not found
2019-08-14 15:10:38,860 file.ManagerServant INFO Master manager not found
2019-08-14 15:10:52,980 file.ManagerServant INFO Master manager not found
2019-08-14 15:11:07,116 file.ManagerServant INFO Master manager not found
2019-08-14 15:11:21,262 file.ManagerServant INFO Master manager not found
2019-08-14 15:11:35,390 file.ManagerServant INFO Master manager not found
2019-08-14 15:11:49,506 file.ManagerServant INFO Master manager not found
2019-08-14 15:12:03,647 file.ManagerServant INFO Master manager not found
2019-08-14 15:12:17,809 file.ManagerServant INFO Master manager not found
2019-08-14 15:12:32,083 file.ManagerServant INFO Master manager not found
2019-08-14 15:12:46,196 file.ManagerServant INFO Master manager not found
2019-08-14 15:13:00,351 file.ManagerServant INFO Master manager not found
2019-08-14 15:13:14,504 file.ManagerServant INFO Master manager not found
2019-08-14 15:13:28,657 file.ManagerServant INFO Master manager not found
2019-08-14 15:13:42,810 file.ManagerServant INFO Master manager not found
2019-08-14 15:13:56,964 file.ManagerServant INFO Master manager not found
2019-08-14 15:14:11,110 file.ManagerServant INFO Master manager not found
2019-08-14 15:14:25,266 file.ManagerServant INFO Master manager not found
2019-08-14 15:14:39,399 file.ManagerServant INFO Master manager not found
2019-08-14 15:14:53,553 file.ManagerServant INFO Master manager not found
2019-08-14 15:15:07,697 file.ManagerServant INFO Master manager not found
2019-08-14 15:15:21,852 file.ManagerServant INFO Master manager not found
2019-08-14 15:15:35,994 file.ManagerServant INFO Master manager not found
2019-08-14 15:15:50,152 file.ManagerServant INFO Master manager not found
2019-08-14 15:16:04,300 file.ManagerServant INFO Master manager not found
2019-08-14 15:16:18,451 file.ManagerServant INFO Master manager not found
2019-08-14 15:16:32,600 file.ManagerServant INFO Master manager not found
2019-08-14 15:16:46,743 file.ManagerServant INFO Master manager not found
2019-08-14 15:17:00,868 file.ManagerServant INFO Master manager not found
2019-08-14 15:17:15,113 file.ManagerServant INFO Master manager not found
2019-08-14 15:17:29,333 file.ManagerServant INFO Master manager not found
2019-08-14 15:17:43,593 file.ManagerServant INFO Master manager not found
2019-08-14 15:17:57,817 file.ManagerServant INFO Master manager not found
2019-08-14 15:18:12,052 file.ManagerServant INFO Master manager not found
2019-08-14 15:18:26,288 file.ManagerServant INFO Master manager not found
2019-08-14 15:18:40,535 file.ManagerServant INFO Master manager not found
2019-08-14 15:18:54,712 file.ManagerServant INFO Master manager not found
2019-08-14 15:19:08,898 file.ManagerServant INFO Master manager not found
2019-08-14 15:19:23,092 file.ManagerServant INFO Master manager not found
2019-08-14 15:19:37,199 file.ManagerServant INFO Master manager not found
2019-08-14 15:19:51,338 file.ManagerServant INFO Master manager not found
2019-08-14 15:20:05,500 file.ManagerServant INFO Master manager not found
2019-08-14 15:20:19,649 file.ManagerServant INFO Master manager not found
2019-08-14 15:20:33,796 file.ManagerServant INFO Master manager not found
2019-08-14 15:20:47,946 file.ManagerServant INFO Master manager not found
2019-08-14 15:21:02,101 file.ManagerServant INFO Master manager not found
2019-08-14 15:21:16,251 file.ManagerServant INFO Master manager not found
2019-08-14 15:21:30,412 file.ManagerServant INFO Master manager not found
2019-08-14 15:21:44,566 file.ManagerServant INFO Master manager not found
2019-08-14 15:21:58,718 file.ManagerServant INFO Master manager not found
2019-08-14 15:22:12,871 file.ManagerServant INFO Master manager not found
2019-08-14 15:22:27,030 file.ManagerServant INFO Master manager not found
2019-08-14 15:22:41,184 file.ManagerServant INFO Master manager not found
2019-08-14 15:22:55,335 file.ManagerServant INFO Master manager not found
2019-08-14 15:23:09,485 file.ManagerServant INFO Master manager not found
2019-08-14 15:23:23,636 file.ManagerServant INFO Master manager not found
2019-08-14 15:23:37,782 file.ManagerServant INFO Master manager not found
2019-08-14 15:23:51,923 file.ManagerServant INFO Master manager not found
2019-08-14 15:24:06,078 file.ManagerServant INFO Master manager not found
2019-08-14 15:24:20,220 file.ManagerServant INFO Master manager not found
2019-08-14 15:24:34,366 file.ManagerServant INFO Master manager not found
2019-08-14 15:24:48,516 file.ManagerServant INFO Master manager not found
2019-08-14 15:25:02,672 file.ManagerServant INFO Master manager not found
2019-08-14 15:25:16,827 file.ManagerServant INFO Master manager not found
2019-08-14 15:25:30,984 file.ManagerServant INFO Master manager not found
2019-08-14 15:25:45,137 file.ManagerServant INFO Master manager not found
2019-08-14 15:25:59,306 file.ManagerServant INFO Master manager not found
2019-08-14 15:26:13,446 file.ManagerServant INFO Master manager not found
2019-08-14 15:26:27,586 file.ManagerServant INFO Master manager not found
2019-08-14 15:26:41,734 file.ManagerServant INFO Master manager not found
2019-08-14 15:26:55,878 file.ManagerServant INFO Master manager not found
2019-08-14 15:27:10,018 file.ManagerServant INFO Master manager not found
2019-08-14 15:27:24,149 file.ManagerServant INFO Master manager not found
2019-08-14 15:27:38,293 file.ManagerServant INFO Master manager not found
2019-08-14 15:27:52,425 file.ManagerServant INFO Master manager not found
2019-08-14 15:28:06,558 file.ManagerServant INFO Master manager not found
2019-08-14 15:28:21,134 file.ManagerServant INFO Master manager not found
2019-08-14 15:28:36,357 file.ManagerServant INFO Master manager not found
2019-08-14 15:28:51,477 file.ManagerServant INFO Master manager not found
2019-08-14 15:29:06,561 file.ManagerServant INFO Master manager not found
2019-08-14 15:29:21,606 file.ManagerServant INFO Master manager not found
2019-08-14 15:29:36,658 file.ManagerServant INFO Master manager not found
2019-08-14 15:29:51,737 file.ManagerServant INFO Master manager not found
2019-08-14 15:30:06,785 file.ManagerServant INFO Master manager not found
2019-08-14 15:30:22,294 file.ManagerServant INFO Master manager not found
2019-08-14 15:30:37,357 file.ManagerServant INFO Master manager not found
2019-08-14 15:30:52,594 file.ManagerServant INFO Master manager not found
2019-08-14 15:31:07,529 file.ManagerServant INFO Master manager not found
2019-08-14 15:31:22,676 file.ManagerServant INFO Master manager not found
2019-08-14 15:31:37,821 file.ManagerServant INFO Master manager not found
2019-08-14 15:31:52,910 file.ManagerServant INFO Master manager not found
2019-08-14 15:32:08,217 file.ManagerServant INFO Master manager not found
2019-08-14 15:32:23,294 file.ManagerServant INFO Master manager not found
2019-08-14 15:32:38,358 file.ManagerServant INFO Master manager not found
2019-08-14 15:32:53,432 file.ManagerServant INFO Master manager not found
2019-08-14 15:33:08,513 file.ManagerServant INFO Master manager not found
2019-08-14 15:33:23,585 file.ManagerServant INFO Master manager not found
2019-08-14 15:33:38,858 file.ManagerServant INFO Master manager not found
2019-08-14 15:33:53,916 file.ManagerServant INFO Master manager not found
2019-08-14 15:34:09,028 file.ManagerServant INFO Master manager not found
2019-08-14 15:34:24,034 file.ManagerServant INFO Master manager not found
2019-08-14 15:34:39,087 file.ManagerServant INFO Master manager not found
2019-08-14 15:34:54,054 file.ManagerServant INFO Master manager not found
2019-08-14 15:35:09,099 file.ManagerServant INFO Master manager not found
2019-08-14 15:35:24,360 file.ManagerServant INFO Master manager not found
2019-08-14 15:35:39,333 file.ManagerServant INFO Master manager not found
2019-08-14 15:35:54,282 file.ManagerServant INFO Master manager not found
2019-08-14 15:36:08,428 file.ManagerServant INFO Master manager not found
2019-08-14 15:36:22,671 file.ManagerServant INFO Master manager not found
2019-08-14 15:36:37,180 file.ManagerServant INFO Master manager not found
2019-08-14 15:36:51,662 file.ManagerServant INFO Master manager not found
2019-08-14 15:37:06,324 file.ManagerServant INFO Master manager not found
2019-08-14 15:37:21,089 file.ManagerServant INFO Master manager not found
2019-08-14 15:37:35,225 file.ManagerServant INFO Master manager not found
2019-08-14 15:37:49,364 file.ManagerServant INFO Master manager not found
2019-08-14 15:38:03,496 file.ManagerServant INFO Master manager not found
2019-08-14 15:38:17,645 file.ManagerServant INFO Master manager not found
2019-08-14 15:38:31,776 file.ManagerServant INFO Master manager not found
2019-08-14 15:38:45,909 file.ManagerServant INFO Master manager not found
2019-08-14 15:39:00,042 file.ManagerServant INFO Master manager not found
2019-08-14 15:39:14,184 file.ManagerServant INFO Master manager not found
2019-08-14 15:39:28,306 file.ManagerServant INFO Master manager not found
2019-08-14 15:39:42,442 file.ManagerServant INFO Master manager not found
2019-08-14 15:39:56,612 file.ManagerServant INFO Master manager not found
2019-08-14 15:40:10,746 file.ManagerServant INFO Master manager not found
2019-08-14 15:40:24,854 file.ManagerServant INFO Master manager not found
2019-08-14 15:40:38,984 file.ManagerServant INFO Master manager not found
2019-08-14 15:40:53,104 file.ManagerServant INFO Master manager not found
2019-08-14 15:41:07,238 file.ManagerServant INFO Master manager not found
2019-08-14 15:41:21,383 file.ManagerServant INFO Master manager not found
2019-08-14 15:41:35,517 file.ManagerServant INFO Master manager not found
2019-08-14 15:41:49,666 file.ManagerServant INFO Master manager not found
2019-08-14 15:42:03,816 file.ManagerServant INFO Master manager not found
2019-08-14 15:42:17,960 file.ManagerServant INFO Master manager not found
2019-08-14 15:42:32,109 file.ManagerServant INFO Master manager not found
2019-08-14 15:42:46,258 file.ManagerServant INFO Master manager not found
2019-08-14 15:43:00,394 file.ManagerServant INFO Master manager not found
2019-08-14 15:43:14,536 file.ManagerServant INFO Master manager not found
2019-08-14 15:43:28,689 file.ManagerServant INFO Master manager not found
2019-08-14 15:43:42,831 file.ManagerServant INFO Master manager not found
2019-08-14 15:43:56,987 file.ManagerServant INFO Master manager not found
2019-08-14 15:44:11,140 file.ManagerServant INFO Master manager not found
2019-08-14 15:44:25,294 file.ManagerServant INFO Master manager not found
2019-08-14 15:44:39,442 file.ManagerServant INFO Master manager not found
2019-08-14 15:44:53,594 file.ManagerServant INFO Master manager not found
2019-08-14 15:45:07,740 file.ManagerServant INFO Master manager not found
2019-08-14 15:45:21,872 file.ManagerServant INFO Master manager not found
2019-08-14 15:45:36,013 file.ManagerServant INFO Master manager not found
2019-08-14 15:45:50,173 file.ManagerServant INFO Master manager not found
2019-08-14 15:46:04,321 file.ManagerServant INFO Master manager not found
2019-08-14 15:46:18,466 file.ManagerServant INFO Master manager not found
