2019-08-17 15:03:27,536 file.manager INFO 1.2.0
2019-08-17 15:03:27,538 file.manager INFO Copyright (C) 2003-2010
2019-08-17 15:03:27,538 file.manager INFO   Noriaki Ando
2019-08-17 15:03:27,538 file.manager INFO   Intelligent Systems Research Institute, AIST
2019-08-17 15:03:27,538 file.manager INFO Manager starting.
2019-08-17 15:03:27,538 file.manager INFO Starting local logging.
2019-08-17 15:03:27,548 file.manager.namingmanager INFO NameServer connection succeeded: corba/localhost
2019-08-17 15:03:29,578 file.ManagerServant INFO Master manager not found
2019-08-17 15:03:29,579 file.LocalServiceAdmin INFO All the local services are enabled.
2019-08-17 15:03:29,585 file.manager INFO Component type conf file: RSNPUnitConnector.conf loaded.
2019-08-17 15:03:29,588 file.ec_base INFO setRate(1000000.000000) done
2019-08-17 15:03:29,588 file.ec_base INFO setRate(1000.000000) done
2019-08-17 15:03:29,589 file.rtobject INFO 1 execution context was created.
2019-08-17 15:03:29,591 file.rtobject INFO Initial active configuration set is default.
2019-08-17 15:03:37,296 file.SdoServiceAdmin WARNING No available SDO service in the factory: 
2019-08-17 15:03:37,298 file.SdoServiceAdmin ERROR type  already exists.
2019-08-17 15:03:41,617 file.ManagerServant INFO Master manager not found
2019-08-17 15:03:53,681 file.ManagerServant INFO Master manager not found
2019-08-17 15:04:03,714 file.rtobject ERROR Traceback (most recent call last):
  File "C:\Python27\lib\site-packages\OpenRTM_aist\RTObject.py", line 1330, in on_activated
    ret = self.onActivated(ec_id)
  File "C:\workspace\RSNPUnitConnector\RSNPUnitConnector.py", line 117, in onActivated
    self._Sock.connect(self._IPaddress[0], self._Port[0])
  File "C:\Python27\lib\socket.py", line 228, in meth
    return getattr(self._sock,name)(*args)
TypeError: connect() takes exactly one argument (2 given)

2019-08-17 15:04:03,717 file.rtobject ERROR Traceback (most recent call last):
  File "C:\Python27\lib\site-packages\OpenRTM_aist\RTObject.py", line 1370, in on_deactivated
    ret = self.onDeactivated(ec_id)
  File "C:\workspace\RSNPUnitConnector\RSNPUnitConnector.py", line 124, in onDeactivated
    self._Sock.disconnect()
AttributeError: '_socketobject' object has no attribute 'disconnect'

2019-08-17 15:04:05,767 file.ManagerServant INFO Master manager not found
2019-08-17 15:04:17,872 file.ManagerServant INFO Master manager not found
2019-08-17 15:04:29,987 file.ManagerServant INFO Master manager not found
2019-08-17 15:04:42,095 file.ManagerServant INFO Master manager not found
2019-08-17 15:04:54,204 file.ManagerServant INFO Master manager not found
