2019-08-25 17:09:06,778 file.manager INFO 1.2.0
2019-08-25 17:09:06,778 file.manager INFO Copyright (C) 2003-2010
2019-08-25 17:09:06,779 file.manager INFO   Noriaki Ando
2019-08-25 17:09:06,779 file.manager INFO   Intelligent Systems Research Institute, AIST
2019-08-25 17:09:06,779 file.manager INFO Manager starting.
2019-08-25 17:09:06,779 file.manager INFO Starting local logging.
2019-08-25 17:09:06,788 file.manager.namingmanager INFO NameServer connection succeeded: corba/localhost
2019-08-25 17:09:08,801 file.ManagerServant INFO Master manager not found
2019-08-25 17:09:08,802 file.LocalServiceAdmin INFO All the local services are enabled.
2019-08-25 17:09:08,805 file.manager INFO Component type conf file: RSNPUnitConnector.conf loaded.
2019-08-25 17:09:08,812 file.ec_base INFO setRate(1000000.000000) done
2019-08-25 17:09:08,812 file.ec_base INFO setRate(1000.000000) done
2019-08-25 17:09:08,813 file.rtobject INFO 1 execution context was created.
2019-08-25 17:09:08,815 file.rtobject INFO Initial active configuration set is default.
2019-08-25 17:09:11,036 file.SdoServiceAdmin WARNING No available SDO service in the factory: 
2019-08-25 17:09:11,036 file.SdoServiceAdmin ERROR type  already exists.
2019-08-25 17:09:20,895 file.ManagerServant INFO Master manager not found
2019-08-25 17:09:32,996 file.ManagerServant INFO Master manager not found
2019-08-25 17:09:45,105 file.ManagerServant INFO Master manager not found
2019-08-25 17:09:57,216 file.ManagerServant INFO Master manager not found
2019-08-25 17:10:09,329 file.ManagerServant INFO Master manager not found
2019-08-25 17:10:21,469 file.ManagerServant INFO Master manager not found
2019-08-25 17:10:33,569 file.ManagerServant INFO Master manager not found
2019-08-25 17:10:45,680 file.ManagerServant INFO Master manager not found
2019-08-25 17:10:57,782 file.ManagerServant INFO Master manager not found
2019-08-25 17:11:09,888 file.ManagerServant INFO Master manager not found
2019-08-25 17:11:21,989 file.ManagerServant INFO Master manager not found
2019-08-25 17:11:34,095 file.ManagerServant INFO Master manager not found
2019-08-25 17:11:46,194 file.ManagerServant INFO Master manager not found
2019-08-25 17:11:58,296 file.ManagerServant INFO Master manager not found
2019-08-25 17:12:10,398 file.ManagerServant INFO Master manager not found
2019-08-25 17:12:22,499 file.ManagerServant INFO Master manager not found
2019-08-25 17:12:34,625 file.ManagerServant INFO Master manager not found
2019-08-25 17:12:46,730 file.ManagerServant INFO Master manager not found
2019-08-25 17:12:58,832 file.ManagerServant INFO Master manager not found
2019-08-25 17:13:10,937 file.ManagerServant INFO Master manager not found
2019-08-25 17:13:23,049 file.ManagerServant INFO Master manager not found
2019-08-25 17:13:35,150 file.ManagerServant INFO Master manager not found
2019-08-25 17:13:47,256 file.ManagerServant INFO Master manager not found
2019-08-25 17:13:59,359 file.ManagerServant INFO Master manager not found
2019-08-25 17:14:11,459 file.ManagerServant INFO Master manager not found
2019-08-25 17:14:23,562 file.ManagerServant INFO Master manager not found
2019-08-25 17:14:35,664 file.ManagerServant INFO Master manager not found
2019-08-25 17:14:47,779 file.ManagerServant INFO Master manager not found
2019-08-25 17:14:59,887 file.ManagerServant INFO Master manager not found
2019-08-25 17:15:11,990 file.ManagerServant INFO Master manager not found
2019-08-25 17:15:24,117 file.ManagerServant INFO Master manager not found
2019-08-25 17:15:36,221 file.ManagerServant INFO Master manager not found
2019-08-25 17:15:48,362 file.ManagerServant INFO Master manager not found
2019-08-25 17:16:00,467 file.ManagerServant INFO Master manager not found
2019-08-25 17:16:12,569 file.ManagerServant INFO Master manager not found
2019-08-25 17:16:24,671 file.ManagerServant INFO Master manager not found
2019-08-25 17:16:36,782 file.ManagerServant INFO Master manager not found
2019-08-25 17:16:48,898 file.ManagerServant INFO Master manager not found
2019-08-25 17:17:01,009 file.ManagerServant INFO Master manager not found
2019-08-25 17:17:13,124 file.ManagerServant INFO Master manager not found
2019-08-25 17:17:25,229 file.ManagerServant INFO Master manager not found
2019-08-25 17:17:37,351 file.ManagerServant INFO Master manager not found
2019-08-25 17:17:49,461 file.ManagerServant INFO Master manager not found
2019-08-25 17:18:01,562 file.ManagerServant INFO Master manager not found
2019-08-25 17:18:13,664 file.ManagerServant INFO Master manager not found
2019-08-25 17:18:25,776 file.ManagerServant INFO Master manager not found
2019-08-25 17:18:37,898 file.ManagerServant INFO Master manager not found
2019-08-25 17:18:50,026 file.ManagerServant INFO Master manager not found
2019-08-25 17:19:02,153 file.ManagerServant INFO Master manager not found
2019-08-25 17:19:14,255 file.ManagerServant INFO Master manager not found
2019-08-25 17:19:26,421 file.ManagerServant INFO Master manager not found
2019-08-25 17:19:38,525 file.ManagerServant INFO Master manager not found
2019-08-25 17:19:50,628 file.ManagerServant INFO Master manager not found
2019-08-25 17:20:02,727 file.ManagerServant INFO Master manager not found
2019-08-25 17:20:14,845 file.ManagerServant INFO Master manager not found
2019-08-25 17:20:26,953 file.ManagerServant INFO Master manager not found
2019-08-25 17:20:39,058 file.ManagerServant INFO Master manager not found
2019-08-25 17:20:51,174 file.ManagerServant INFO Master manager not found
2019-08-25 17:21:03,282 file.ManagerServant INFO Master manager not found
2019-08-25 17:21:15,382 file.ManagerServant INFO Master manager not found
2019-08-25 17:21:27,487 file.ManagerServant INFO Master manager not found
2019-08-25 17:21:39,585 file.ManagerServant INFO Master manager not found
2019-08-25 17:21:51,697 file.ManagerServant INFO Master manager not found
2019-08-25 17:22:03,796 file.ManagerServant INFO Master manager not found
2019-08-25 17:22:15,911 file.ManagerServant INFO Master manager not found
2019-08-25 17:22:28,010 file.ManagerServant INFO Master manager not found
2019-08-25 17:22:40,114 file.ManagerServant INFO Master manager not found
2019-08-25 17:22:52,217 file.ManagerServant INFO Master manager not found
2019-08-25 17:23:04,319 file.ManagerServant INFO Master manager not found
2019-08-25 17:23:16,421 file.ManagerServant INFO Master manager not found
2019-08-25 17:23:28,532 file.ManagerServant INFO Master manager not found
2019-08-25 17:23:40,634 file.ManagerServant INFO Master manager not found
2019-08-25 17:23:52,782 file.ManagerServant INFO Master manager not found
2019-08-25 17:24:04,953 file.ManagerServant INFO Master manager not found
2019-08-25 17:24:17,061 file.ManagerServant INFO Master manager not found
2019-08-25 17:24:29,194 file.ManagerServant INFO Master manager not found
2019-08-25 17:24:41,296 file.ManagerServant INFO Master manager not found
2019-08-25 17:24:53,451 file.ManagerServant INFO Master manager not found
2019-08-25 17:25:05,563 file.ManagerServant INFO Master manager not found
2019-08-25 17:25:17,667 file.ManagerServant INFO Master manager not found
2019-08-25 17:25:29,769 file.ManagerServant INFO Master manager not found
2019-08-25 17:25:41,869 file.ManagerServant INFO Master manager not found
2019-08-25 17:25:53,983 file.ManagerServant INFO Master manager not found
2019-08-25 17:26:06,092 file.ManagerServant INFO Master manager not found
2019-08-25 17:26:18,198 file.ManagerServant INFO Master manager not found
2019-08-25 17:26:30,305 file.ManagerServant INFO Master manager not found
2019-08-25 17:26:42,404 file.ManagerServant INFO Master manager not found
2019-08-25 17:26:54,506 file.ManagerServant INFO Master manager not found
2019-08-25 17:27:06,605 file.ManagerServant INFO Master manager not found
2019-08-25 17:27:18,717 file.ManagerServant INFO Master manager not found
2019-08-25 17:27:30,818 file.ManagerServant INFO Master manager not found
2019-08-25 17:27:42,937 file.ManagerServant INFO Master manager not found
2019-08-25 17:27:55,039 file.ManagerServant INFO Master manager not found
2019-08-25 17:28:07,154 file.ManagerServant INFO Master manager not found
2019-08-25 17:28:19,256 file.ManagerServant INFO Master manager not found
2019-08-25 17:28:31,358 file.ManagerServant INFO Master manager not found
2019-08-25 17:28:43,473 file.ManagerServant INFO Master manager not found
2019-08-25 17:28:55,576 file.ManagerServant INFO Master manager not found
2019-08-25 17:29:07,687 file.ManagerServant INFO Master manager not found
2019-08-25 17:29:19,796 file.ManagerServant INFO Master manager not found
2019-08-25 17:29:31,907 file.ManagerServant INFO Master manager not found
2019-08-25 17:29:44,007 file.ManagerServant INFO Master manager not found
2019-08-25 17:29:56,108 file.ManagerServant INFO Master manager not found
2019-08-25 17:30:08,217 file.ManagerServant INFO Master manager not found
2019-08-25 17:30:20,321 file.ManagerServant INFO Master manager not found
2019-08-25 17:30:32,424 file.ManagerServant INFO Master manager not found
2019-08-25 17:30:44,526 file.ManagerServant INFO Master manager not found
2019-08-25 17:30:56,627 file.ManagerServant INFO Master manager not found
2019-08-25 17:31:08,733 file.ManagerServant INFO Master manager not found
2019-08-25 17:31:20,835 file.ManagerServant INFO Master manager not found
2019-08-25 17:31:32,937 file.ManagerServant INFO Master manager not found
2019-08-25 17:31:45,039 file.ManagerServant INFO Master manager not found
2019-08-25 17:31:57,138 file.ManagerServant INFO Master manager not found
2019-08-25 17:32:09,362 file.ManagerServant INFO Master manager not found
2019-08-25 17:32:21,483 file.ManagerServant INFO Master manager not found
2019-08-25 17:32:33,585 file.ManagerServant INFO Master manager not found
2019-08-25 17:32:45,697 file.ManagerServant INFO Master manager not found
2019-08-25 17:32:57,796 file.ManagerServant INFO Master manager not found
2019-08-25 17:33:09,901 file.ManagerServant INFO Master manager not found
2019-08-25 17:33:22,002 file.ManagerServant INFO Master manager not found
2019-08-25 17:33:34,108 file.ManagerServant INFO Master manager not found
2019-08-25 17:33:46,210 file.ManagerServant INFO Master manager not found
2019-08-25 17:33:58,328 file.ManagerServant INFO Master manager not found
2019-08-25 17:34:10,428 file.ManagerServant INFO Master manager not found
2019-08-25 17:34:22,546 file.ManagerServant INFO Master manager not found
2019-08-25 17:34:34,678 file.ManagerServant INFO Master manager not found
2019-08-25 17:34:46,786 file.ManagerServant INFO Master manager not found
2019-08-25 17:34:58,884 file.ManagerServant INFO Master manager not found
2019-08-25 17:35:11,000 file.ManagerServant INFO Master manager not found
2019-08-25 17:35:23,128 file.ManagerServant INFO Master manager not found
2019-08-25 17:35:35,236 file.ManagerServant INFO Master manager not found
2019-08-25 17:35:47,344 file.ManagerServant INFO Master manager not found
2019-08-25 17:35:59,447 file.ManagerServant INFO Master manager not found
2019-08-25 17:36:11,549 file.ManagerServant INFO Master manager not found
2019-08-25 17:36:23,650 file.ManagerServant INFO Master manager not found
2019-08-25 17:36:35,756 file.ManagerServant INFO Master manager not found
2019-08-25 17:36:47,867 file.ManagerServant INFO Master manager not found
2019-08-25 17:36:59,967 file.ManagerServant INFO Master manager not found
2019-08-25 17:37:12,065 file.ManagerServant INFO Master manager not found
2019-08-25 17:37:24,181 file.ManagerServant INFO Master manager not found
2019-08-25 17:37:36,298 file.ManagerServant INFO Master manager not found
2019-08-25 17:37:48,407 file.ManagerServant INFO Master manager not found
2019-08-25 17:38:00,507 file.ManagerServant INFO Master manager not found
2019-08-25 17:38:12,625 file.ManagerServant INFO Master manager not found
2019-08-25 17:38:24,726 file.ManagerServant INFO Master manager not found
2019-08-25 17:38:36,842 file.ManagerServant INFO Master manager not found
2019-08-25 17:38:48,943 file.ManagerServant INFO Master manager not found
2019-08-25 17:39:01,046 file.ManagerServant INFO Master manager not found
2019-08-25 17:39:13,173 file.ManagerServant INFO Master manager not found
2019-08-25 17:39:25,296 file.ManagerServant INFO Master manager not found
2019-08-25 17:39:37,398 file.ManagerServant INFO Master manager not found
2019-08-25 17:39:49,496 file.ManagerServant INFO Master manager not found
2019-08-25 17:40:01,674 file.ManagerServant INFO Master manager not found
2019-08-25 17:40:13,773 file.ManagerServant INFO Master manager not found
2019-08-25 17:40:25,874 file.ManagerServant INFO Master manager not found
2019-08-25 17:40:37,973 file.ManagerServant INFO Master manager not found
2019-08-25 17:40:50,075 file.ManagerServant INFO Master manager not found
2019-08-25 17:41:02,187 file.ManagerServant INFO Master manager not found
2019-08-25 17:41:14,296 file.ManagerServant INFO Master manager not found
2019-08-25 17:41:26,397 file.ManagerServant INFO Master manager not found
2019-08-25 17:41:38,517 file.ManagerServant INFO Master manager not found
2019-08-25 17:41:50,618 file.ManagerServant INFO Master manager not found
2019-08-25 17:42:02,746 file.ManagerServant INFO Master manager not found
2019-08-25 17:42:14,845 file.ManagerServant INFO Master manager not found
2019-08-25 17:42:26,947 file.ManagerServant INFO Master manager not found
2019-08-25 17:42:39,062 file.ManagerServant INFO Master manager not found
2019-08-25 17:42:51,163 file.ManagerServant INFO Master manager not found
2019-08-25 17:43:03,267 file.ManagerServant INFO Master manager not found
2019-08-25 17:43:15,378 file.ManagerServant INFO Master manager not found
2019-08-25 17:43:27,480 file.ManagerServant INFO Master manager not found
2019-08-25 17:43:39,595 file.ManagerServant INFO Master manager not found
2019-08-25 17:43:51,733 file.ManagerServant INFO Master manager not found
2019-08-25 17:44:03,834 file.ManagerServant INFO Master manager not found
2019-08-25 17:44:15,934 file.ManagerServant INFO Master manager not found
2019-08-25 17:44:28,062 file.ManagerServant INFO Master manager not found
2019-08-25 17:44:40,164 file.ManagerServant INFO Master manager not found
2019-08-25 17:44:52,275 file.ManagerServant INFO Master manager not found
2019-08-25 17:45:04,377 file.ManagerServant INFO Master manager not found
2019-08-25 17:45:16,497 file.ManagerServant INFO Master manager not found
2019-08-25 17:45:28,599 file.ManagerServant INFO Master manager not found
2019-08-25 17:45:40,707 file.ManagerServant INFO Master manager not found
2019-08-25 17:45:52,813 file.ManagerServant INFO Master manager not found
2019-08-25 17:46:04,924 file.ManagerServant INFO Master manager not found
2019-08-25 17:46:17,045 file.ManagerServant INFO Master manager not found
2019-08-25 17:46:29,144 file.ManagerServant INFO Master manager not found
2019-08-25 17:46:41,247 file.ManagerServant INFO Master manager not found
2019-08-25 17:46:53,361 file.ManagerServant INFO Master manager not found
2019-08-25 17:47:05,460 file.ManagerServant INFO Master manager not found
2019-08-25 17:47:17,565 file.ManagerServant INFO Master manager not found
2019-08-25 17:47:29,665 file.ManagerServant INFO Master manager not found
2019-08-25 17:47:41,779 file.ManagerServant INFO Master manager not found
2019-08-25 17:47:53,881 file.ManagerServant INFO Master manager not found
2019-08-25 17:48:05,983 file.ManagerServant INFO Master manager not found
2019-08-25 17:48:18,088 file.ManagerServant INFO Master manager not found
2019-08-25 17:48:30,217 file.ManagerServant INFO Master manager not found
2019-08-25 17:48:42,322 file.ManagerServant INFO Master manager not found
2019-08-25 17:48:54,421 file.ManagerServant INFO Master manager not found
2019-08-25 17:49:06,536 file.ManagerServant INFO Master manager not found
2019-08-25 17:49:18,638 file.ManagerServant INFO Master manager not found
2019-08-25 17:49:30,750 file.ManagerServant INFO Master manager not found
2019-08-25 17:49:42,859 file.ManagerServant INFO Master manager not found
2019-08-25 17:49:54,969 file.ManagerServant INFO Master manager not found
2019-08-25 17:50:07,068 file.ManagerServant INFO Master manager not found
2019-08-25 17:50:19,171 file.ManagerServant INFO Master manager not found
2019-08-25 17:50:31,270 file.ManagerServant INFO Master manager not found
2019-08-25 17:50:43,391 file.ManagerServant INFO Master manager not found
2019-08-25 17:50:55,500 file.ManagerServant INFO Master manager not found
2019-08-25 17:51:07,601 file.ManagerServant INFO Master manager not found
2019-08-25 17:51:19,707 file.ManagerServant INFO Master manager not found
2019-08-25 17:51:31,805 file.ManagerServant INFO Master manager not found
2019-08-25 17:51:43,911 file.ManagerServant INFO Master manager not found
2019-08-25 17:51:56,016 file.ManagerServant INFO Master manager not found
2019-08-25 17:52:08,125 file.ManagerServant INFO Master manager not found
2019-08-25 17:52:20,226 file.ManagerServant INFO Master manager not found
2019-08-25 17:52:32,355 file.ManagerServant INFO Master manager not found
2019-08-25 17:52:44,459 file.ManagerServant INFO Master manager not found
2019-08-25 17:52:56,562 file.ManagerServant INFO Master manager not found
2019-08-25 17:53:08,663 file.ManagerServant INFO Master manager not found
2019-08-25 17:53:20,762 file.ManagerServant INFO Master manager not found
2019-08-25 17:53:32,862 file.ManagerServant INFO Master manager not found
2019-08-25 17:53:44,961 file.ManagerServant INFO Master manager not found
2019-08-25 17:53:57,062 file.ManagerServant INFO Master manager not found
2019-08-25 17:54:09,173 file.ManagerServant INFO Master manager not found
2019-08-25 17:54:21,296 file.ManagerServant INFO Master manager not found
2019-08-25 17:54:33,398 file.ManagerServant INFO Master manager not found
2019-08-25 17:54:45,499 file.ManagerServant INFO Master manager not found
2019-08-25 17:54:57,599 file.ManagerServant INFO Master manager not found
2019-08-25 17:55:09,700 file.ManagerServant INFO Master manager not found
2019-08-25 17:55:21,829 file.ManagerServant INFO Master manager not found
2019-08-25 17:55:33,930 file.ManagerServant INFO Master manager not found
2019-08-25 17:55:46,032 file.ManagerServant INFO Master manager not found
2019-08-25 17:55:58,141 file.ManagerServant INFO Master manager not found
2019-08-25 17:56:10,242 file.ManagerServant INFO Master manager not found
2019-08-25 17:56:22,342 file.ManagerServant INFO Master manager not found
2019-08-25 17:56:34,443 file.ManagerServant INFO Master manager not found
2019-08-25 17:56:46,562 file.ManagerServant INFO Master manager not found
2019-08-25 17:56:58,663 file.ManagerServant INFO Master manager not found
2019-08-25 17:57:10,763 file.ManagerServant INFO Master manager not found
2019-08-25 17:57:22,865 file.ManagerServant INFO Master manager not found
2019-08-25 17:57:34,973 file.ManagerServant INFO Master manager not found
2019-08-25 17:57:47,075 file.ManagerServant INFO Master manager not found
2019-08-25 17:57:59,174 file.ManagerServant INFO Master manager not found
2019-08-25 17:58:11,280 file.ManagerServant INFO Master manager not found
2019-08-25 17:58:23,391 file.ManagerServant INFO Master manager not found
2019-08-25 17:58:35,497 file.ManagerServant INFO Master manager not found
2019-08-25 17:58:47,598 file.ManagerServant INFO Master manager not found
2019-08-25 17:58:59,703 file.ManagerServant INFO Master manager not found
2019-08-25 17:59:11,809 file.ManagerServant INFO Master manager not found
2019-08-25 17:59:23,910 file.ManagerServant INFO Master manager not found
2019-08-25 17:59:36,010 file.ManagerServant INFO Master manager not found
2019-08-25 17:59:48,111 file.ManagerServant INFO Master manager not found
2019-08-25 18:00:00,213 file.ManagerServant INFO Master manager not found
2019-08-25 18:00:12,313 file.ManagerServant INFO Master manager not found
2019-08-25 18:00:24,447 file.ManagerServant INFO Master manager not found
2019-08-25 18:00:36,555 file.ManagerServant INFO Master manager not found
2019-08-25 18:00:48,657 file.ManagerServant INFO Master manager not found
2019-08-25 18:01:00,772 file.ManagerServant INFO Master manager not found
2019-08-25 18:01:12,871 file.ManagerServant INFO Master manager not found
2019-08-25 18:01:24,986 file.ManagerServant INFO Master manager not found
2019-08-25 18:01:37,086 file.ManagerServant INFO Master manager not found
2019-08-25 18:01:49,216 file.ManagerServant INFO Master manager not found
2019-08-25 18:02:01,329 file.ManagerServant INFO Master manager not found
2019-08-25 18:02:13,430 file.ManagerServant INFO Master manager not found
2019-08-25 18:02:25,532 file.ManagerServant INFO Master manager not found
2019-08-25 18:02:37,632 file.ManagerServant INFO Master manager not found
2019-08-25 18:02:49,750 file.ManagerServant INFO Master manager not found
2019-08-25 18:03:01,858 file.ManagerServant INFO Master manager not found
2019-08-25 18:03:13,956 file.ManagerServant INFO Master manager not found
2019-08-25 18:03:26,115 file.ManagerServant INFO Master manager not found
2019-08-25 18:03:38,214 file.ManagerServant INFO Master manager not found
2019-08-25 18:03:50,315 file.ManagerServant INFO Master manager not found
2019-08-25 18:04:02,423 file.ManagerServant INFO Master manager not found
2019-08-25 18:04:14,523 file.ManagerServant INFO Master manager not found
2019-08-25 18:04:26,625 file.ManagerServant INFO Master manager not found
2019-08-25 18:04:38,726 file.ManagerServant INFO Master manager not found
2019-08-25 18:04:50,828 file.ManagerServant INFO Master manager not found
2019-08-25 18:05:02,927 file.ManagerServant INFO Master manager not found
2019-08-25 18:05:15,032 file.ManagerServant INFO Master manager not found
2019-08-25 18:05:27,138 file.ManagerServant INFO Master manager not found
2019-08-25 18:05:39,237 file.ManagerServant INFO Master manager not found
2019-08-25 18:05:51,345 file.ManagerServant INFO Master manager not found
2019-08-25 18:06:03,444 file.ManagerServant INFO Master manager not found
2019-08-25 18:06:15,555 file.ManagerServant INFO Master manager not found
2019-08-25 18:06:27,657 file.ManagerServant INFO Master manager not found
2019-08-25 18:06:39,775 file.ManagerServant INFO Master manager not found
2019-08-25 18:06:51,875 file.ManagerServant INFO Master manager not found
2019-08-25 18:07:03,976 file.ManagerServant INFO Master manager not found
2019-08-25 18:07:16,075 file.ManagerServant INFO Master manager not found
2019-08-25 18:07:28,177 file.ManagerServant INFO Master manager not found
2019-08-25 18:07:40,279 file.ManagerServant INFO Master manager not found
2019-08-25 18:07:52,385 file.ManagerServant INFO Master manager not found
2019-08-25 18:08:04,496 file.ManagerServant INFO Master manager not found
2019-08-25 18:08:16,608 file.ManagerServant INFO Master manager not found
2019-08-25 18:08:28,720 file.ManagerServant INFO Master manager not found
2019-08-25 18:08:40,822 file.ManagerServant INFO Master manager not found
2019-08-25 18:08:52,936 file.ManagerServant INFO Master manager not found
2019-08-25 18:09:05,039 file.ManagerServant INFO Master manager not found
2019-08-25 18:09:17,141 file.ManagerServant INFO Master manager not found
2019-08-25 18:09:29,243 file.ManagerServant INFO Master manager not found
2019-08-25 18:09:41,344 file.ManagerServant INFO Master manager not found
2019-08-25 18:09:53,444 file.ManagerServant INFO Master manager not found
2019-08-25 18:10:05,545 file.ManagerServant INFO Master manager not found
2019-08-25 18:10:17,654 file.ManagerServant INFO Master manager not found
2019-08-25 18:10:29,779 file.ManagerServant INFO Master manager not found
2019-08-25 18:10:41,890 file.ManagerServant INFO Master manager not found
2019-08-25 18:10:54,007 file.ManagerServant INFO Master manager not found
2019-08-25 18:11:06,108 file.ManagerServant INFO Master manager not found
2019-08-25 18:11:18,226 file.ManagerServant INFO Master manager not found
2019-08-25 18:11:30,326 file.ManagerServant INFO Master manager not found
2019-08-25 18:11:42,427 file.ManagerServant INFO Master manager not found
2019-08-25 18:11:54,548 file.ManagerServant INFO Master manager not found
2019-08-25 18:12:06,654 file.ManagerServant INFO Master manager not found
2019-08-25 18:12:18,755 file.ManagerServant INFO Master manager not found
2019-08-25 18:12:30,855 file.ManagerServant INFO Master manager not found
2019-08-25 18:12:42,957 file.ManagerServant INFO Master manager not found
2019-08-25 18:12:55,063 file.ManagerServant INFO Master manager not found
2019-08-25 18:13:07,171 file.ManagerServant INFO Master manager not found
2019-08-25 18:13:19,280 file.ManagerServant INFO Master manager not found
2019-08-25 18:13:31,381 file.ManagerServant INFO Master manager not found
2019-08-25 18:13:43,483 file.ManagerServant INFO Master manager not found
2019-08-25 18:13:55,598 file.ManagerServant INFO Master manager not found
2019-08-25 18:14:07,698 file.ManagerServant INFO Master manager not found
2019-08-25 18:14:19,803 file.ManagerServant INFO Master manager not found
2019-08-25 18:14:31,904 file.ManagerServant INFO Master manager not found
2019-08-25 18:14:44,005 file.ManagerServant INFO Master manager not found
2019-08-25 18:14:56,141 file.ManagerServant INFO Master manager not found
2019-08-25 18:15:08,240 file.ManagerServant INFO Master manager not found
2019-08-25 18:15:20,339 file.ManagerServant INFO Master manager not found
2019-08-25 18:15:32,453 file.ManagerServant INFO Master manager not found
2019-08-25 18:15:44,553 file.ManagerServant INFO Master manager not found
2019-08-25 18:15:56,655 file.ManagerServant INFO Master manager not found
2019-08-25 18:16:08,757 file.ManagerServant INFO Master manager not found
2019-08-25 18:16:20,855 file.ManagerServant INFO Master manager not found
2019-08-25 18:16:32,969 file.ManagerServant INFO Master manager not found
2019-08-25 18:16:45,075 file.ManagerServant INFO Master manager not found
2019-08-25 18:16:57,177 file.ManagerServant INFO Master manager not found
2019-08-25 18:17:09,282 file.ManagerServant INFO Master manager not found
2019-08-25 18:17:21,421 file.ManagerServant INFO Master manager not found
2019-08-25 18:17:33,532 file.ManagerServant INFO Master manager not found
2019-08-25 18:17:45,654 file.ManagerServant INFO Master manager not found
2019-08-25 18:17:57,766 file.ManagerServant INFO Master manager not found
2019-08-25 18:18:09,867 file.ManagerServant INFO Master manager not found
2019-08-25 18:18:21,969 file.ManagerServant INFO Master manager not found
2019-08-25 18:18:34,075 file.ManagerServant INFO Master manager not found
2019-08-25 18:18:46,174 file.ManagerServant INFO Master manager not found
2019-08-25 18:18:58,275 file.ManagerServant INFO Master manager not found
2019-08-25 18:19:10,372 file.ManagerServant INFO Master manager not found
2019-08-25 18:19:22,486 file.ManagerServant INFO Master manager not found
2019-08-25 18:19:34,588 file.ManagerServant INFO Master manager not found
2019-08-25 18:19:46,694 file.ManagerServant INFO Master manager not found
2019-08-25 18:19:58,812 file.ManagerServant INFO Master manager not found
2019-08-25 18:20:10,917 file.ManagerServant INFO Master manager not found
2019-08-25 18:20:23,022 file.ManagerServant INFO Master manager not found
2019-08-25 18:20:35,121 file.ManagerServant INFO Master manager not found
2019-08-25 18:20:47,220 file.ManagerServant INFO Master manager not found
2019-08-25 18:20:59,328 file.ManagerServant INFO Master manager not found
2019-08-25 18:21:11,437 file.ManagerServant INFO Master manager not found
2019-08-25 18:21:23,556 file.ManagerServant INFO Master manager not found
2019-08-25 18:21:35,674 file.ManagerServant INFO Master manager not found
2019-08-25 18:21:47,775 file.ManagerServant INFO Master manager not found
2019-08-25 18:21:59,875 file.ManagerServant INFO Master manager not found
2019-08-25 18:22:11,983 file.ManagerServant INFO Master manager not found
2019-08-25 18:22:24,098 file.ManagerServant INFO Master manager not found
2019-08-25 18:22:36,198 file.ManagerServant INFO Master manager not found
2019-08-25 18:22:48,315 file.ManagerServant INFO Master manager not found
2019-08-25 18:23:00,417 file.ManagerServant INFO Master manager not found
2019-08-25 18:23:12,517 file.ManagerServant INFO Master manager not found
2019-08-25 18:23:24,618 file.ManagerServant INFO Master manager not found
2019-08-25 18:23:36,750 file.ManagerServant INFO Master manager not found
2019-08-25 18:23:48,854 file.ManagerServant INFO Master manager not found
2019-08-25 18:24:00,953 file.ManagerServant INFO Master manager not found
2019-08-25 18:24:13,065 file.ManagerServant INFO Master manager not found
2019-08-25 18:24:25,188 file.ManagerServant INFO Master manager not found
2019-08-25 18:24:37,289 file.ManagerServant INFO Master manager not found
2019-08-25 18:24:49,398 file.ManagerServant INFO Master manager not found
2019-08-25 18:25:01,517 file.ManagerServant INFO Master manager not found
2019-08-25 18:25:13,635 file.ManagerServant INFO Master manager not found
2019-08-25 18:25:25,736 file.ManagerServant INFO Master manager not found
2019-08-25 18:25:37,835 file.ManagerServant INFO Master manager not found
2019-08-25 18:25:49,940 file.ManagerServant INFO Master manager not found
2019-08-25 18:26:02,046 file.ManagerServant INFO Master manager not found
2019-08-25 18:26:14,153 file.ManagerServant INFO Master manager not found
2019-08-25 18:26:26,266 file.ManagerServant INFO Master manager not found
2019-08-25 18:26:38,375 file.ManagerServant INFO Master manager not found
2019-08-25 18:26:50,476 file.ManagerServant INFO Master manager not found
2019-08-25 18:27:02,578 file.ManagerServant INFO Master manager not found
2019-08-25 18:27:14,687 file.ManagerServant INFO Master manager not found
2019-08-25 18:27:26,789 file.ManagerServant INFO Master manager not found
2019-08-25 18:27:38,888 file.ManagerServant INFO Master manager not found
2019-08-25 18:27:50,990 file.ManagerServant INFO Master manager not found
2019-08-25 18:28:03,091 file.ManagerServant INFO Master manager not found
2019-08-25 18:28:15,190 file.ManagerServant INFO Master manager not found
2019-08-25 18:28:27,292 file.ManagerServant INFO Master manager not found
2019-08-25 18:28:39,391 file.ManagerServant INFO Master manager not found
2019-08-25 18:28:51,497 file.ManagerServant INFO Master manager not found
2019-08-25 18:29:03,598 file.ManagerServant INFO Master manager not found
2019-08-25 18:29:15,703 file.ManagerServant INFO Master manager not found
2019-08-25 18:29:27,803 file.ManagerServant INFO Master manager not found
2019-08-25 18:29:39,908 file.ManagerServant INFO Master manager not found
2019-08-25 18:29:52,007 file.ManagerServant INFO Master manager not found
2019-08-25 18:30:04,125 file.ManagerServant INFO Master manager not found
2019-08-25 18:30:16,232 file.ManagerServant INFO Master manager not found
2019-08-25 18:30:28,335 file.ManagerServant INFO Master manager not found
2019-08-25 18:30:40,436 file.ManagerServant INFO Master manager not found
2019-08-25 18:30:52,551 file.ManagerServant INFO Master manager not found
2019-08-25 18:31:04,654 file.ManagerServant INFO Master manager not found
2019-08-25 18:31:16,755 file.ManagerServant INFO Master manager not found
2019-08-25 18:31:28,854 file.ManagerServant INFO Master manager not found
2019-08-25 18:31:40,957 file.ManagerServant INFO Master manager not found
2019-08-25 18:31:53,055 file.ManagerServant INFO Master manager not found
2019-08-25 18:32:05,157 file.ManagerServant INFO Master manager not found
2019-08-25 18:32:17,267 file.ManagerServant INFO Master manager not found
2019-08-25 18:32:29,368 file.ManagerServant INFO Master manager not found
2019-08-25 18:32:41,467 file.ManagerServant INFO Master manager not found
2019-08-25 18:32:53,575 file.ManagerServant INFO Master manager not found
2019-08-25 18:33:05,674 file.ManagerServant INFO Master manager not found
2019-08-25 18:33:17,796 file.ManagerServant INFO Master manager not found
2019-08-25 18:33:29,895 file.ManagerServant INFO Master manager not found
2019-08-25 18:33:41,996 file.ManagerServant INFO Master manager not found
2019-08-25 18:33:54,101 file.ManagerServant INFO Master manager not found
2019-08-25 18:34:06,207 file.ManagerServant INFO Master manager not found
2019-08-25 18:34:18,308 file.ManagerServant INFO Master manager not found
2019-08-25 18:34:30,408 file.ManagerServant INFO Master manager not found
2019-08-25 18:34:42,509 file.ManagerServant INFO Master manager not found
2019-08-25 18:34:54,611 file.ManagerServant INFO Master manager not found
2019-08-25 18:35:06,713 file.ManagerServant INFO Master manager not found
2019-08-25 18:35:18,813 file.ManagerServant INFO Master manager not found
2019-08-25 18:35:30,921 file.ManagerServant INFO Master manager not found
2019-08-25 18:35:43,030 file.ManagerServant INFO Master manager not found
2019-08-25 18:35:55,131 file.ManagerServant INFO Master manager not found
2019-08-25 18:36:07,233 file.ManagerServant INFO Master manager not found
2019-08-25 18:36:19,358 file.ManagerServant INFO Master manager not found
2019-08-25 18:36:31,469 file.ManagerServant INFO Master manager not found
2019-08-25 18:36:43,579 file.ManagerServant INFO Master manager not found
2019-08-25 18:36:55,704 file.ManagerServant INFO Master manager not found
2019-08-25 18:37:07,805 file.ManagerServant INFO Master manager not found
2019-08-25 18:37:19,905 file.ManagerServant INFO Master manager not found
2019-08-25 18:37:32,006 file.ManagerServant INFO Master manager not found
2019-08-25 18:37:44,115 file.ManagerServant INFO Master manager not found
2019-08-25 18:37:56,220 file.ManagerServant INFO Master manager not found
2019-08-25 18:38:08,321 file.ManagerServant INFO Master manager not found
2019-08-25 18:38:20,421 file.ManagerServant INFO Master manager not found
2019-08-25 18:38:32,520 file.ManagerServant INFO Master manager not found
2019-08-25 18:38:44,625 file.ManagerServant INFO Master manager not found
2019-08-25 18:38:56,746 file.ManagerServant INFO Master manager not found
2019-08-25 18:39:08,846 file.ManagerServant INFO Master manager not found
2019-08-25 18:39:20,947 file.ManagerServant INFO Master manager not found
2019-08-25 18:39:33,062 file.ManagerServant INFO Master manager not found
2019-08-25 18:39:45,164 file.ManagerServant INFO Master manager not found
2019-08-25 18:39:57,280 file.ManagerServant INFO Master manager not found
2019-08-25 18:40:09,391 file.ManagerServant INFO Master manager not found
2019-08-25 18:40:21,500 file.ManagerServant INFO Master manager not found
2019-08-25 18:40:33,599 file.ManagerServant INFO Master manager not found
2019-08-25 18:40:45,700 file.ManagerServant INFO Master manager not found
2019-08-25 18:40:57,815 file.ManagerServant INFO Master manager not found
2019-08-25 18:41:09,914 file.ManagerServant INFO Master manager not found
2019-08-25 18:41:22,029 file.ManagerServant INFO Master manager not found
2019-08-25 18:41:34,141 file.ManagerServant INFO Master manager not found
2019-08-25 18:41:46,250 file.ManagerServant INFO Master manager not found
2019-08-25 18:41:58,378 file.ManagerServant INFO Master manager not found
2019-08-25 18:42:10,483 file.ManagerServant INFO Master manager not found
2019-08-25 18:42:22,596 file.ManagerServant INFO Master manager not found
2019-08-25 18:42:34,697 file.ManagerServant INFO Master manager not found
2019-08-25 18:42:46,802 file.ManagerServant INFO Master manager not found
2019-08-25 18:42:58,901 file.ManagerServant INFO Master manager not found
2019-08-25 18:43:11,000 file.ManagerServant INFO Master manager not found
2019-08-25 18:43:23,115 file.ManagerServant INFO Master manager not found
2019-08-25 18:43:35,219 file.ManagerServant INFO Master manager not found
2019-08-25 18:43:47,325 file.ManagerServant INFO Master manager not found
2019-08-25 18:43:59,427 file.ManagerServant INFO Master manager not found
2019-08-25 18:44:11,532 file.ManagerServant INFO Master manager not found
2019-08-25 18:44:23,632 file.ManagerServant INFO Master manager not found
2019-08-25 18:44:35,736 file.ManagerServant INFO Master manager not found
2019-08-25 18:44:47,841 file.ManagerServant INFO Master manager not found
2019-08-25 18:44:59,940 file.ManagerServant INFO Master manager not found
2019-08-25 18:45:12,042 file.ManagerServant INFO Master manager not found
2019-08-25 18:45:24,145 file.ManagerServant INFO Master manager not found
2019-08-25 18:45:36,253 file.ManagerServant INFO Master manager not found
2019-08-25 18:45:48,352 file.ManagerServant INFO Master manager not found
2019-08-25 18:46:00,456 file.ManagerServant INFO Master manager not found
2019-08-25 18:46:12,562 file.ManagerServant INFO Master manager not found
2019-08-25 18:46:24,664 file.ManagerServant INFO Master manager not found
2019-08-25 18:46:36,763 file.ManagerServant INFO Master manager not found
2019-08-25 18:46:48,865 file.ManagerServant INFO Master manager not found
2019-08-25 18:47:00,983 file.ManagerServant INFO Master manager not found
2019-08-25 18:47:13,095 file.ManagerServant INFO Master manager not found
2019-08-25 18:47:25,201 file.ManagerServant INFO Master manager not found
2019-08-25 18:47:37,335 file.ManagerServant INFO Master manager not found
2019-08-25 18:47:49,454 file.ManagerServant INFO Master manager not found
2019-08-25 18:48:01,558 file.ManagerServant INFO Master manager not found
2019-08-25 18:48:13,673 file.ManagerServant INFO Master manager not found
2019-08-25 18:48:25,776 file.ManagerServant INFO Master manager not found
2019-08-25 18:48:37,881 file.ManagerServant INFO Master manager not found
2019-08-25 18:48:49,983 file.ManagerServant INFO Master manager not found
2019-08-25 18:49:02,082 file.ManagerServant INFO Master manager not found
2019-08-25 18:49:14,187 file.ManagerServant INFO Master manager not found
2019-08-25 18:49:26,299 file.ManagerServant INFO Master manager not found
2019-08-25 18:49:38,397 file.ManagerServant INFO Master manager not found
2019-08-25 18:49:50,499 file.ManagerServant INFO Master manager not found
2019-08-25 18:50:02,605 file.ManagerServant INFO Master manager not found
2019-08-25 18:50:14,713 file.ManagerServant INFO Master manager not found
2019-08-25 18:50:26,813 file.ManagerServant INFO Master manager not found
2019-08-25 18:50:38,914 file.ManagerServant INFO Master manager not found
2019-08-25 18:50:51,017 file.ManagerServant INFO Master manager not found
2019-08-25 18:51:03,119 file.ManagerServant INFO Master manager not found
2019-08-25 18:51:15,226 file.ManagerServant INFO Master manager not found
2019-08-25 18:51:27,325 file.ManagerServant INFO Master manager not found
2019-08-25 18:51:39,453 file.ManagerServant INFO Master manager not found
2019-08-25 18:51:51,553 file.ManagerServant INFO Master manager not found
2019-08-25 18:52:03,654 file.ManagerServant INFO Master manager not found
2019-08-25 18:52:15,766 file.ManagerServant INFO Master manager not found
2019-08-25 18:52:27,865 file.ManagerServant INFO Master manager not found
2019-08-25 18:52:39,969 file.ManagerServant INFO Master manager not found
2019-08-25 18:52:52,071 file.ManagerServant INFO Master manager not found
2019-08-25 18:53:04,171 file.ManagerServant INFO Master manager not found
2019-08-25 18:53:16,272 file.ManagerServant INFO Master manager not found
2019-08-25 18:53:28,374 file.ManagerServant INFO Master manager not found
2019-08-25 18:53:40,515 file.ManagerServant INFO Master manager not found
2019-08-25 18:53:52,625 file.ManagerServant INFO Master manager not found
2019-08-25 18:54:04,746 file.ManagerServant INFO Master manager not found
2019-08-25 18:54:16,859 file.ManagerServant INFO Master manager not found
2019-08-25 18:54:28,970 file.ManagerServant INFO Master manager not found
2019-08-25 18:54:41,079 file.ManagerServant INFO Master manager not found
2019-08-25 18:54:53,180 file.ManagerServant INFO Master manager not found
2019-08-25 18:55:05,282 file.ManagerServant INFO Master manager not found
2019-08-25 18:55:17,381 file.ManagerServant INFO Master manager not found
2019-08-25 18:55:29,500 file.ManagerServant INFO Master manager not found
2019-08-25 18:55:41,608 file.ManagerServant INFO Master manager not found
2019-08-25 18:55:53,709 file.ManagerServant INFO Master manager not found
2019-08-25 18:56:05,819 file.ManagerServant INFO Master manager not found
2019-08-25 18:56:17,924 file.ManagerServant INFO Master manager not found
2019-08-25 18:56:30,023 file.ManagerServant INFO Master manager not found
2019-08-25 18:56:42,124 file.ManagerServant INFO Master manager not found
2019-08-25 18:56:54,234 file.ManagerServant INFO Master manager not found
2019-08-25 18:57:06,335 file.ManagerServant INFO Master manager not found
2019-08-25 18:57:18,437 file.ManagerServant INFO Master manager not found
2019-08-25 18:57:30,538 file.ManagerServant INFO Master manager not found
2019-08-25 18:57:42,637 file.ManagerServant INFO Master manager not found
2019-08-25 18:57:54,746 file.ManagerServant INFO Master manager not found
2019-08-25 18:58:06,845 file.ManagerServant INFO Master manager not found
2019-08-25 18:58:18,953 file.ManagerServant INFO Master manager not found
2019-08-25 18:58:31,052 file.ManagerServant INFO Master manager not found
2019-08-25 18:58:43,154 file.ManagerServant INFO Master manager not found
2019-08-25 18:58:55,269 file.ManagerServant INFO Master manager not found
2019-08-25 18:59:07,375 file.ManagerServant INFO Master manager not found
2019-08-25 18:59:19,473 file.ManagerServant INFO Master manager not found
2019-08-25 18:59:31,575 file.ManagerServant INFO Master manager not found
2019-08-25 18:59:43,674 file.ManagerServant INFO Master manager not found
2019-08-25 18:59:55,776 file.ManagerServant INFO Master manager not found
2019-08-25 19:00:07,880 file.ManagerServant INFO Master manager not found
2019-08-25 19:00:19,990 file.ManagerServant INFO Master manager not found
2019-08-25 19:00:32,092 file.ManagerServant INFO Master manager not found
2019-08-25 19:00:44,194 file.ManagerServant INFO Master manager not found
2019-08-25 19:00:56,308 file.ManagerServant INFO Master manager not found
2019-08-25 19:01:08,408 file.ManagerServant INFO Master manager not found
2019-08-25 19:01:20,530 file.ManagerServant INFO Master manager not found
2019-08-25 19:01:32,653 file.ManagerServant INFO Master manager not found
2019-08-25 19:01:44,756 file.ManagerServant INFO Master manager not found
2019-08-25 19:01:56,865 file.ManagerServant INFO Master manager not found
2019-08-25 19:02:08,967 file.ManagerServant INFO Master manager not found
2019-08-25 19:02:21,076 file.ManagerServant INFO Master manager not found
2019-08-25 19:02:33,177 file.ManagerServant INFO Master manager not found
2019-08-25 19:02:45,278 file.ManagerServant INFO Master manager not found
2019-08-25 19:02:57,391 file.ManagerServant INFO Master manager not found
2019-08-25 19:03:09,515 file.ManagerServant INFO Master manager not found
2019-08-25 19:03:21,618 file.ManagerServant INFO Master manager not found
2019-08-25 19:03:33,720 file.ManagerServant INFO Master manager not found
2019-08-25 19:03:45,822 file.ManagerServant INFO Master manager not found
2019-08-25 19:03:57,937 file.ManagerServant INFO Master manager not found
2019-08-25 19:04:10,039 file.ManagerServant INFO Master manager not found
2019-08-25 19:04:22,140 file.ManagerServant INFO Master manager not found
2019-08-25 19:04:34,240 file.ManagerServant INFO Master manager not found
2019-08-25 19:04:46,342 file.ManagerServant INFO Master manager not found
2019-08-25 19:04:58,454 file.ManagerServant INFO Master manager not found
2019-08-25 19:05:10,565 file.ManagerServant INFO Master manager not found
2019-08-25 19:05:22,665 file.ManagerServant INFO Master manager not found
2019-08-25 19:05:34,766 file.ManagerServant INFO Master manager not found
2019-08-25 19:05:46,875 file.ManagerServant INFO Master manager not found
2019-08-25 19:05:58,976 file.ManagerServant INFO Master manager not found
2019-08-25 19:06:11,076 file.ManagerServant INFO Master manager not found
2019-08-25 19:06:23,176 file.ManagerServant INFO Master manager not found
2019-08-25 19:06:35,278 file.ManagerServant INFO Master manager not found
2019-08-25 19:06:47,405 file.ManagerServant INFO Master manager not found
2019-08-25 19:06:59,506 file.ManagerServant INFO Master manager not found
2019-08-25 19:07:11,627 file.ManagerServant INFO Master manager not found
2019-08-25 19:07:23,729 file.ManagerServant INFO Master manager not found
2019-08-25 19:07:35,844 file.ManagerServant INFO Master manager not found
2019-08-25 19:07:47,944 file.ManagerServant INFO Master manager not found
2019-08-25 19:08:00,045 file.ManagerServant INFO Master manager not found
2019-08-25 19:08:12,157 file.ManagerServant INFO Master manager not found
2019-08-25 19:08:24,267 file.ManagerServant INFO Master manager not found
2019-08-25 19:08:36,375 file.ManagerServant INFO Master manager not found
2019-08-25 19:08:48,486 file.ManagerServant INFO Master manager not found
2019-08-25 19:09:00,588 file.ManagerServant INFO Master manager not found
2019-08-25 19:09:12,688 file.ManagerServant INFO Master manager not found
2019-08-25 19:09:24,789 file.ManagerServant INFO Master manager not found
2019-08-25 19:09:36,894 file.ManagerServant INFO Master manager not found
2019-08-25 19:09:49,088 file.ManagerServant INFO Master manager not found
2019-08-25 19:10:01,203 file.ManagerServant INFO Master manager not found
2019-08-25 19:10:13,303 file.ManagerServant INFO Master manager not found
2019-08-25 19:10:25,415 file.ManagerServant INFO Master manager not found
2019-08-25 19:10:37,516 file.ManagerServant INFO Master manager not found
2019-08-25 19:10:49,615 file.ManagerServant INFO Master manager not found
2019-08-25 19:11:01,716 file.ManagerServant INFO Master manager not found
2019-08-25 19:11:13,838 file.ManagerServant INFO Master manager not found
2019-08-25 19:11:25,940 file.ManagerServant INFO Master manager not found
2019-08-25 19:11:38,039 file.ManagerServant INFO Master manager not found
2019-08-25 19:11:50,155 file.ManagerServant INFO Master manager not found
2019-08-25 19:12:02,257 file.ManagerServant INFO Master manager not found
2019-08-25 19:12:14,361 file.ManagerServant INFO Master manager not found
2019-08-25 19:12:26,460 file.ManagerServant INFO Master manager not found
2019-08-25 19:12:38,572 file.ManagerServant INFO Master manager not found
2019-08-25 19:12:50,671 file.ManagerServant INFO Master manager not found
2019-08-25 19:13:02,796 file.ManagerServant INFO Master manager not found
2019-08-25 19:13:14,907 file.ManagerServant INFO Master manager not found
2019-08-25 19:13:27,006 file.ManagerServant INFO Master manager not found
2019-08-25 19:13:39,105 file.ManagerServant INFO Master manager not found
2019-08-25 19:13:51,207 file.ManagerServant INFO Master manager not found
2019-08-25 19:14:03,315 file.ManagerServant INFO Master manager not found
2019-08-25 19:14:15,421 file.ManagerServant INFO Master manager not found
2019-08-25 19:14:27,528 file.ManagerServant INFO Master manager not found
2019-08-25 19:14:39,635 file.ManagerServant INFO Master manager not found
2019-08-25 19:14:51,736 file.ManagerServant INFO Master manager not found
2019-08-25 19:15:03,838 file.ManagerServant INFO Master manager not found
2019-08-25 19:15:15,940 file.ManagerServant INFO Master manager not found
2019-08-25 19:15:28,039 file.ManagerServant INFO Master manager not found
2019-08-25 19:15:40,148 file.ManagerServant INFO Master manager not found
2019-08-25 19:15:52,250 file.ManagerServant INFO Master manager not found
2019-08-25 19:16:04,351 file.ManagerServant INFO Master manager not found
2019-08-25 19:16:16,456 file.ManagerServant INFO Master manager not found
2019-08-25 19:16:28,562 file.ManagerServant INFO Master manager not found
2019-08-25 19:16:40,663 file.ManagerServant INFO Master manager not found
2019-08-25 19:16:52,767 file.ManagerServant INFO Master manager not found
2019-08-25 19:17:04,875 file.ManagerServant INFO Master manager not found
2019-08-25 19:17:16,976 file.ManagerServant INFO Master manager not found
2019-08-25 19:17:29,099 file.ManagerServant INFO Master manager not found
2019-08-25 19:17:41,206 file.ManagerServant INFO Master manager not found
2019-08-25 19:17:53,311 file.ManagerServant INFO Master manager not found
2019-08-25 19:18:05,437 file.ManagerServant INFO Master manager not found
2019-08-25 19:18:17,562 file.ManagerServant INFO Master manager not found
2019-08-25 19:18:29,875 file.ManagerServant INFO Master manager not found
2019-08-25 19:18:41,984 file.ManagerServant INFO Master manager not found
2019-08-25 19:18:54,086 file.ManagerServant INFO Master manager not found
2019-08-25 19:19:06,187 file.ManagerServant INFO Master manager not found
2019-08-25 19:19:18,288 file.ManagerServant INFO Master manager not found
2019-08-25 19:19:30,436 file.ManagerServant INFO Master manager not found
2019-08-25 19:19:42,542 file.ManagerServant INFO Master manager not found
2019-08-25 19:19:54,641 file.ManagerServant INFO Master manager not found
2019-08-25 19:20:06,805 file.ManagerServant INFO Master manager not found
2019-08-25 19:20:18,905 file.ManagerServant INFO Master manager not found
2019-08-25 19:20:31,006 file.ManagerServant INFO Master manager not found
2019-08-25 19:20:43,107 file.ManagerServant INFO Master manager not found
2019-08-25 19:20:55,209 file.ManagerServant INFO Master manager not found
2019-08-25 19:21:07,326 file.ManagerServant INFO Master manager not found
2019-08-25 19:21:19,450 file.ManagerServant INFO Master manager not found
2019-08-25 19:21:31,549 file.ManagerServant INFO Master manager not found
2019-08-25 19:21:43,664 file.ManagerServant INFO Master manager not found
2019-08-25 19:21:55,765 file.ManagerServant INFO Master manager not found
2019-08-25 19:22:07,865 file.ManagerServant INFO Master manager not found
2019-08-25 19:22:19,980 file.ManagerServant INFO Master manager not found
2019-08-25 19:22:32,094 file.ManagerServant INFO Master manager not found
2019-08-25 19:22:44,197 file.ManagerServant INFO Master manager not found
2019-08-25 19:22:56,299 file.ManagerServant INFO Master manager not found
2019-08-25 19:23:08,404 file.ManagerServant INFO Master manager not found
2019-08-25 19:23:20,505 file.ManagerServant INFO Master manager not found
2019-08-25 19:23:32,607 file.ManagerServant INFO Master manager not found
2019-08-25 19:23:44,733 file.ManagerServant INFO Master manager not found
2019-08-25 19:23:56,835 file.ManagerServant INFO Master manager not found
2019-08-25 19:24:08,937 file.ManagerServant INFO Master manager not found
2019-08-25 19:24:21,058 file.ManagerServant INFO Master manager not found
2019-08-25 19:24:33,158 file.ManagerServant INFO Master manager not found
2019-08-25 19:24:45,259 file.ManagerServant INFO Master manager not found
2019-08-25 19:24:57,361 file.ManagerServant INFO Master manager not found
2019-08-25 19:25:09,466 file.ManagerServant INFO Master manager not found
2019-08-25 19:25:21,599 file.ManagerServant INFO Master manager not found
2019-08-25 19:25:33,706 file.ManagerServant INFO Master manager not found
2019-08-25 19:25:45,806 file.ManagerServant INFO Master manager not found
2019-08-25 19:25:57,923 file.ManagerServant INFO Master manager not found
2019-08-25 19:26:10,029 file.ManagerServant INFO Master manager not found
2019-08-25 19:26:22,141 file.ManagerServant INFO Master manager not found
2019-08-25 19:26:34,252 file.ManagerServant INFO Master manager not found
2019-08-25 19:26:46,358 file.ManagerServant INFO Master manager not found
2019-08-25 19:26:58,483 file.ManagerServant INFO Master manager not found
2019-08-25 19:27:10,592 file.ManagerServant INFO Master manager not found
2019-08-25 19:27:22,704 file.ManagerServant INFO Master manager not found
2019-08-25 19:27:34,806 file.ManagerServant INFO Master manager not found
2019-08-25 19:27:46,907 file.ManagerServant INFO Master manager not found
2019-08-25 19:27:59,007 file.ManagerServant INFO Master manager not found
2019-08-25 19:28:11,108 file.ManagerServant INFO Master manager not found
2019-08-25 19:28:23,219 file.ManagerServant INFO Master manager not found
2019-08-25 19:28:35,329 file.ManagerServant INFO Master manager not found
2019-08-25 19:28:47,440 file.ManagerServant INFO Master manager not found
2019-08-25 19:28:59,549 file.ManagerServant INFO Master manager not found
2019-08-25 19:29:11,653 file.ManagerServant INFO Master manager not found
2019-08-25 19:29:23,767 file.ManagerServant INFO Master manager not found
2019-08-25 19:29:35,868 file.ManagerServant INFO Master manager not found
2019-08-25 19:29:47,969 file.ManagerServant INFO Master manager not found
2019-08-25 19:30:00,069 file.ManagerServant INFO Master manager not found
