2019-08-25 13:18:17,355 file.manager INFO 1.2.0
2019-08-25 13:18:17,355 file.manager INFO Copyright (C) 2003-2010
2019-08-25 13:18:17,355 file.manager INFO   Noriaki Ando
2019-08-25 13:18:17,355 file.manager INFO   Intelligent Systems Research Institute, AIST
2019-08-25 13:18:17,355 file.manager INFO Manager starting.
2019-08-25 13:18:17,355 file.manager INFO Starting local logging.
2019-08-25 13:18:17,361 file.manager.namingmanager INFO NameServer connection succeeded: corba/localhost
2019-08-25 13:18:19,375 file.ManagerServant INFO Master manager not found
2019-08-25 13:18:19,377 file.LocalServiceAdmin INFO All the local services are enabled.
2019-08-25 13:18:19,381 file.manager INFO Component type conf file: RSNPUnitConnector.conf loaded.
2019-08-25 13:18:19,385 file.ec_base INFO setRate(1000000.000000) done
2019-08-25 13:18:19,385 file.ec_base INFO setRate(1000.000000) done
2019-08-25 13:18:19,387 file.rtobject INFO 1 execution context was created.
2019-08-25 13:18:19,388 file.rtobject INFO Initial active configuration set is default.
2019-08-25 13:18:29,210 file.SdoServiceAdmin WARNING No available SDO service in the factory: 
2019-08-25 13:18:29,210 file.SdoServiceAdmin ERROR type  already exists.
2019-08-25 13:18:31,482 file.ManagerServant INFO Master manager not found
2019-08-25 13:18:32,608 file.ec_base WARNING The component is not responding.
2019-08-25 13:18:32,608 file.ec_base ERROR Unknown error: Invalid state transition.
2019-08-25 13:18:33,127 file.rtobject ERROR Traceback (most recent call last):
  File "C:\Python27\lib\site-packages\OpenRTM_aist\RTObject.py", line 1330, in on_activated
    ret = self.onActivated(ec_id)
  File "C:\workspace\RSNPUnit\RSNPUnitConnector(RTM_rtc)\RSNPUnitConnector.py", line 118, in onActivated
    self._Sock.connect((self._IPaddress[0], self._Port[0]))
  File "C:\Python27\lib\socket.py", line 228, in meth
    return getattr(self._sock,name)(*args)
error: [Errno 10061] 対象のコンピューターによって拒否されたため、接続できませんでした。

2019-08-25 13:18:40,707 file.ec_worker ERROR State of the RTC is not ACTIVE_STATE.
2019-08-25 13:18:40,710 file.ec_worker WARNING ExecutionContext is already stopped.
2019-08-25 13:18:40,710 file.ec_base ERROR Invoking on_shutdown() for each RTC failed.
2019-08-25 13:18:43,594 file.ManagerServant INFO Master manager not found
