2019-08-24 14:15:33,318 file.manager INFO 1.2.0
2019-08-24 14:15:33,318 file.manager INFO Copyright (C) 2003-2010
2019-08-24 14:15:33,318 file.manager INFO   Noriaki Ando
2019-08-24 14:15:33,318 file.manager INFO   Intelligent Systems Research Institute, AIST
2019-08-24 14:15:33,318 file.manager INFO Manager starting.
2019-08-24 14:15:33,319 file.manager INFO Starting local logging.
2019-08-24 14:15:33,328 file.manager.namingmanager INFO NameServer connection succeeded: corba/localhost
2019-08-24 14:15:35,358 file.ManagerServant INFO Master manager not found
2019-08-24 14:15:35,359 file.LocalServiceAdmin INFO All the local services are enabled.
2019-08-24 14:15:35,364 file.manager INFO Component type conf file: RSNPUnitConnector.conf loaded.
2019-08-24 14:15:35,368 file.ec_base INFO setRate(1000000.000000) done
2019-08-24 14:15:35,368 file.ec_base INFO setRate(1000.000000) done
2019-08-24 14:15:35,368 file.rtobject INFO 1 execution context was created.
2019-08-24 14:15:35,371 file.rtobject INFO Initial active configuration set is default.
2019-08-24 14:15:41,601 file.SdoServiceAdmin WARNING No available SDO service in the factory: 
2019-08-24 14:15:41,601 file.SdoServiceAdmin ERROR type  already exists.
2019-08-24 14:15:47,440 file.ManagerServant INFO Master manager not found
2019-08-24 14:15:54,796 file.ec_worker ERROR State of the RTC is not ACTIVE_STATE.
2019-08-24 14:15:54,799 file.ec_worker WARNING ExecutionContext is already stopped.
2019-08-24 14:15:54,799 file.ec_base ERROR Invoking on_shutdown() for each RTC failed.
