2019-08-14 12:18:41,060 file.manager INFO 1.2.0
2019-08-14 12:18:41,061 file.manager INFO Copyright (C) 2003-2010
2019-08-14 12:18:41,061 file.manager INFO   Noriaki Ando
2019-08-14 12:18:41,061 file.manager INFO   Intelligent Systems Research Institute, AIST
2019-08-14 12:18:41,062 file.manager INFO Manager starting.
2019-08-14 12:18:41,062 file.manager INFO Starting local logging.
2019-08-14 12:18:41,180 file.manager.namingmanager INFO NameServer connection succeeded: corba/localhost
2019-08-14 12:18:45,231 file.ManagerServant INFO Master manager not found
2019-08-14 12:18:45,234 file.LocalServiceAdmin INFO All the local services are enabled.
2019-08-14 12:18:45,243 file.manager INFO Component type conf file: RSNPUnitConnector.conf loaded.
2019-08-14 12:18:45,255 file.ec_base INFO setRate(1000000.000000) done
2019-08-14 12:18:45,256 file.ec_base INFO setRate(1000.000000) done
2019-08-14 12:18:45,258 file.rtobject INFO 1 execution context was created.
2019-08-14 12:18:45,261 file.rtobject INFO Initial active configuration set is default.
2019-08-14 12:18:56,730 file.SdoServiceAdmin WARNING No available SDO service in the factory: 
2019-08-14 12:18:56,730 file.SdoServiceAdmin ERROR type  already exists.
2019-08-14 12:18:59,308 file.ManagerServant INFO Master manager not found
2019-08-14 12:18:59,311 file.rtobject ERROR Traceback (most recent call last):
  File "C:\Python36\lib\site-packages\OpenRTM_aist\RTObject.py", line 1330, in on_activated
    ret = self.onActivated(ec_id)
  File "c:\workspace\RSNPUnitConnector\RSNPUnitConnector.py", line 117, in onActivated
    self._Sock.connect(self._IPaddress[0], self._Port[0])
TypeError: connect() takes exactly one argument (2 given)

2019-08-14 12:18:59,314 file.rtobject ERROR Traceback (most recent call last):
  File "C:\Python36\lib\site-packages\OpenRTM_aist\RTObject.py", line 1370, in on_deactivated
    ret = self.onDeactivated(ec_id)
  File "c:\workspace\RSNPUnitConnector\RSNPUnitConnector.py", line 124, in onDeactivated
    self._Sock.disconnect()
AttributeError: 'socket' object has no attribute 'disconnect'

2019-08-14 12:19:05,413 file.ec_worker ERROR State of the RTC is not ACTIVE_STATE.
2019-08-14 12:19:11,544 file.ec_worker ERROR State of the RTC is not ACTIVE_STATE.
2019-08-14 12:19:11,546 file.ec_worker WARNING ExecutionContext is already stopped.
2019-08-14 12:19:11,547 file.ec_base ERROR Invoking on_shutdown() for each RTC failed.
2019-08-14 12:19:13,430 file.ManagerServant INFO Master manager not found
