2019-08-20 20:03:43,015 file.manager INFO 1.2.0
2019-08-20 20:03:43,016 file.manager INFO Copyright (C) 2003-2010
2019-08-20 20:03:43,016 file.manager INFO   Noriaki Ando
2019-08-20 20:03:43,016 file.manager INFO   Intelligent Systems Research Institute, AIST
2019-08-20 20:03:43,016 file.manager INFO Manager starting.
2019-08-20 20:03:43,016 file.manager INFO Starting local logging.
2019-08-20 20:03:43,022 file.manager.namingmanager INFO NameServer connection succeeded: corba/localhost
2019-08-20 20:03:45,040 file.ManagerServant INFO Master manager not found
2019-08-20 20:03:45,042 file.LocalServiceAdmin INFO All the local services are enabled.
2019-08-20 20:03:45,046 file.manager INFO Component type conf file: RSNPUnitConnector.conf loaded.
2019-08-20 20:03:45,055 file.ec_base INFO setRate(1000000.000000) done
2019-08-20 20:03:45,055 file.ec_base INFO setRate(1000.000000) done
2019-08-20 20:03:45,055 file.rtobject INFO 1 execution context was created.
2019-08-20 20:03:45,058 file.rtobject INFO Initial active configuration set is default.
2019-08-20 20:03:50,825 file.SdoServiceAdmin WARNING No available SDO service in the factory: 
2019-08-20 20:03:50,825 file.SdoServiceAdmin ERROR type  already exists.
2019-08-20 20:03:53,285 file.rtobject ERROR Traceback (most recent call last):
  File "C:\Python27\lib\site-packages\OpenRTM_aist\RTObject.py", line 1330, in on_activated
    ret = self.onActivated(ec_id)
  File "C:\workspace\RSNPUnitConnector\RSNPUnitConnector.py", line 148, in onActivated
    self._Sock.connect((self._IPaddress[0], self._Port[0]))
AttributeError: 'RSNPUnitConnector' object has no attribute '_Port'

2019-08-20 20:03:57,096 file.ManagerServant INFO Master manager not found
2019-08-20 20:04:09,197 file.ManagerServant INFO Master manager not found
2019-08-20 20:04:12,279 file.rtobject ERROR Traceback (most recent call last):
  File "C:\Python27\lib\site-packages\OpenRTM_aist\RTObject.py", line 1330, in on_activated
    ret = self.onActivated(ec_id)
  File "C:\workspace\RSNPUnitConnector\RSNPUnitConnector.py", line 148, in onActivated
    self._Sock.connect((self._IPaddress[0], self._Port[0]))
AttributeError: 'RSNPUnitConnector' object has no attribute '_Port'

2019-08-20 20:04:19,348 file.ec_worker ERROR State of the RTC is not ACTIVE_STATE.
2019-08-20 20:04:19,351 file.ec_worker WARNING ExecutionContext is already stopped.
2019-08-20 20:04:19,351 file.ec_base ERROR Invoking on_shutdown() for each RTC failed.
2019-08-20 20:04:21,298 file.ManagerServant INFO Master manager not found
