2019-08-25 13:16:56,650 file.manager INFO 1.2.0
2019-08-25 13:16:56,650 file.manager INFO Copyright (C) 2003-2010
2019-08-25 13:16:56,651 file.manager INFO   Noriaki Ando
2019-08-25 13:16:56,651 file.manager INFO   Intelligent Systems Research Institute, AIST
2019-08-25 13:16:56,651 file.manager INFO Manager starting.
2019-08-25 13:16:56,651 file.manager INFO Starting local logging.
2019-08-25 13:16:56,657 file.manager.namingmanager INFO NameServer connection succeeded: corba/localhost
2019-08-25 13:16:58,680 file.ManagerServant INFO Master manager not found
2019-08-25 13:16:58,680 file.LocalServiceAdmin INFO All the local services are enabled.
2019-08-25 13:16:58,687 file.manager INFO Component type conf file: RSNPUnitConnector.conf loaded.
2019-08-25 13:16:58,694 file.ec_base INFO setRate(1000000.000000) done
2019-08-25 13:16:58,694 file.ec_base INFO setRate(1000.000000) done
2019-08-25 13:16:58,696 file.rtobject INFO 1 execution context was created.
2019-08-25 13:16:58,697 file.rtobject INFO Initial active configuration set is default.
2019-08-25 13:17:04,036 file.SdoServiceAdmin WARNING No available SDO service in the factory: 
2019-08-25 13:17:04,036 file.SdoServiceAdmin ERROR type  already exists.
2019-08-25 13:17:10,773 file.ManagerServant INFO Master manager not found
2019-08-25 13:17:15,408 file.ec_worker ERROR State of the RTC is not ACTIVE_STATE.
2019-08-25 13:17:15,411 file.ec_worker WARNING ExecutionContext is already stopped.
2019-08-25 13:17:15,411 file.ec_base ERROR Invoking on_shutdown() for each RTC failed.
