2019-08-19 18:10:46,773 file.manager INFO 1.2.0
2019-08-19 18:10:46,773 file.manager INFO Copyright (C) 2003-2010
2019-08-19 18:10:46,773 file.manager INFO   Noriaki Ando
2019-08-19 18:10:46,773 file.manager INFO   Intelligent Systems Research Institute, AIST
2019-08-19 18:10:46,773 file.manager INFO Manager starting.
2019-08-19 18:10:46,773 file.manager INFO Starting local logging.
2019-08-19 18:10:46,779 file.manager.namingmanager INFO NameServer connection succeeded: corba/localhost
2019-08-19 18:10:48,808 file.ManagerServant INFO Master manager not found
2019-08-19 18:10:48,809 file.LocalServiceAdmin INFO All the local services are enabled.
2019-08-19 18:10:48,812 file.manager INFO Component type conf file: RSNPUnitConnector.conf loaded.
2019-08-19 18:10:48,821 file.ec_base INFO setRate(1000000.000000) done
2019-08-19 18:10:48,821 file.ec_base INFO setRate(1000.000000) done
2019-08-19 18:10:48,822 file.rtobject INFO 1 execution context was created.
2019-08-19 18:10:48,823 file.rtobject INFO Initial active configuration set is default.
2019-08-19 18:10:50,990 file.SdoServiceAdmin WARNING No available SDO service in the factory: 
2019-08-19 18:10:50,990 file.SdoServiceAdmin ERROR type  already exists.
2019-08-19 18:11:00,855 file.ManagerServant INFO Master manager not found
2019-08-19 18:11:12,944 file.ManagerServant INFO Master manager not found
2019-08-19 18:11:25,046 file.ManagerServant INFO Master manager not found
2019-08-19 18:11:37,160 file.ManagerServant INFO Master manager not found
2019-08-19 18:11:49,267 file.ManagerServant INFO Master manager not found
2019-08-19 18:12:01,391 file.ManagerServant INFO Master manager not found
2019-08-19 18:12:13,499 file.ManagerServant INFO Master manager not found
2019-08-19 18:12:25,608 file.ManagerServant INFO Master manager not found
2019-08-19 18:12:37,714 file.ManagerServant INFO Master manager not found
2019-08-19 18:12:49,825 file.ManagerServant INFO Master manager not found
2019-08-19 18:13:01,937 file.ManagerServant INFO Master manager not found
2019-08-19 18:13:14,062 file.ManagerServant INFO Master manager not found
2019-08-19 18:13:26,177 file.ManagerServant INFO Master manager not found
2019-08-19 18:13:38,308 file.ManagerServant INFO Master manager not found
2019-08-19 18:13:50,459 file.ManagerServant INFO Master manager not found
2019-08-19 18:14:02,575 file.ManagerServant INFO Master manager not found
2019-08-19 18:14:14,709 file.ManagerServant INFO Master manager not found
2019-08-19 18:14:26,959 file.ManagerServant INFO Master manager not found
2019-08-19 18:14:39,063 file.ManagerServant INFO Master manager not found
2019-08-19 18:14:51,157 file.ManagerServant INFO Master manager not found
2019-08-19 18:15:03,253 file.ManagerServant INFO Master manager not found
2019-08-19 18:15:15,368 file.ManagerServant INFO Master manager not found
2019-08-19 18:15:27,467 file.ManagerServant INFO Master manager not found
2019-08-19 18:15:39,565 file.ManagerServant INFO Master manager not found
2019-08-19 18:15:51,660 file.ManagerServant INFO Master manager not found
2019-08-19 18:16:03,760 file.ManagerServant INFO Master manager not found
2019-08-19 18:16:15,858 file.ManagerServant INFO Master manager not found
2019-08-19 18:16:27,960 file.ManagerServant INFO Master manager not found
2019-08-19 18:16:40,052 file.ManagerServant INFO Master manager not found
2019-08-19 18:16:52,141 file.ManagerServant INFO Master manager not found
2019-08-19 18:17:04,230 file.ManagerServant INFO Master manager not found
2019-08-19 18:17:16,319 file.ManagerServant INFO Master manager not found
2019-08-19 18:17:28,405 file.ManagerServant INFO Master manager not found
2019-08-19 18:17:40,506 file.ManagerServant INFO Master manager not found
2019-08-19 18:17:52,595 file.ManagerServant INFO Master manager not found
2019-08-19 18:18:04,684 file.ManagerServant INFO Master manager not found
2019-08-19 18:18:16,772 file.ManagerServant INFO Master manager not found
2019-08-19 18:18:28,878 file.ManagerServant INFO Master manager not found
2019-08-19 18:18:40,971 file.ManagerServant INFO Master manager not found
2019-08-19 18:18:53,066 file.ManagerServant INFO Master manager not found
2019-08-19 18:19:05,171 file.ManagerServant INFO Master manager not found
2019-08-19 18:19:17,286 file.ManagerServant INFO Master manager not found
2019-08-19 18:19:29,384 file.ManagerServant INFO Master manager not found
2019-08-19 18:19:41,480 file.ManagerServant INFO Master manager not found
2019-08-19 18:19:53,582 file.ManagerServant INFO Master manager not found
2019-08-19 18:20:05,694 file.ManagerServant INFO Master manager not found
2019-08-19 18:20:17,799 file.ManagerServant INFO Master manager not found
2019-08-19 18:20:29,905 file.ManagerServant INFO Master manager not found
2019-08-19 18:20:42,013 file.ManagerServant INFO Master manager not found
2019-08-19 18:20:54,117 file.ManagerServant INFO Master manager not found
2019-08-19 18:21:06,226 file.ManagerServant INFO Master manager not found
2019-08-19 18:21:18,328 file.ManagerServant INFO Master manager not found
2019-08-19 18:21:30,437 file.ManagerServant INFO Master manager not found
2019-08-19 18:21:42,555 file.ManagerServant INFO Master manager not found
2019-08-19 18:21:54,673 file.ManagerServant INFO Master manager not found
2019-08-19 18:22:06,776 file.ManagerServant INFO Master manager not found
2019-08-19 18:22:18,871 file.ManagerServant INFO Master manager not found
2019-08-19 18:22:30,980 file.ManagerServant INFO Master manager not found
2019-08-19 18:22:43,082 file.ManagerServant INFO Master manager not found
2019-08-19 18:22:55,190 file.ManagerServant INFO Master manager not found
2019-08-19 18:23:07,286 file.ManagerServant INFO Master manager not found
2019-08-19 18:23:19,395 file.ManagerServant INFO Master manager not found
2019-08-19 18:23:31,510 file.ManagerServant INFO Master manager not found
2019-08-19 18:23:43,631 file.ManagerServant INFO Master manager not found
2019-08-19 18:23:55,742 file.ManagerServant INFO Master manager not found
2019-08-19 18:24:07,872 file.ManagerServant INFO Master manager not found
2019-08-19 18:24:19,966 file.ManagerServant INFO Master manager not found
2019-08-19 18:24:32,073 file.ManagerServant INFO Master manager not found
2019-08-19 18:24:44,171 file.ManagerServant INFO Master manager not found
2019-08-19 18:24:56,275 file.ManagerServant INFO Master manager not found
2019-08-19 18:25:08,403 file.ManagerServant INFO Master manager not found
2019-08-19 18:25:20,509 file.ManagerServant INFO Master manager not found
2019-08-19 18:25:32,625 file.ManagerServant INFO Master manager not found
2019-08-19 18:25:44,737 file.ManagerServant INFO Master manager not found
2019-08-19 18:25:56,865 file.ManagerServant INFO Master manager not found
2019-08-19 18:26:08,980 file.ManagerServant INFO Master manager not found
2019-08-19 18:26:21,101 file.ManagerServant INFO Master manager not found
2019-08-19 18:26:33,213 file.ManagerServant INFO Master manager not found
2019-08-19 18:26:45,323 file.ManagerServant INFO Master manager not found
2019-08-19 18:26:57,438 file.ManagerServant INFO Master manager not found
2019-08-19 18:27:09,533 file.ManagerServant INFO Master manager not found
2019-08-19 18:27:21,632 file.ManagerServant INFO Master manager not found
2019-08-19 18:27:33,726 file.ManagerServant INFO Master manager not found
2019-08-19 18:27:45,819 file.ManagerServant INFO Master manager not found
2019-08-19 18:27:57,911 file.ManagerServant INFO Master manager not found
2019-08-19 18:28:10,007 file.ManagerServant INFO Master manager not found
2019-08-19 18:28:22,111 file.ManagerServant INFO Master manager not found
2019-08-19 18:28:34,213 file.ManagerServant INFO Master manager not found
2019-08-19 18:28:46,309 file.ManagerServant INFO Master manager not found
2019-08-19 18:28:58,401 file.ManagerServant INFO Master manager not found
2019-08-19 18:29:10,489 file.ManagerServant INFO Master manager not found
2019-08-19 18:29:22,592 file.ManagerServant INFO Master manager not found
2019-08-19 18:29:34,680 file.ManagerServant INFO Master manager not found
2019-08-19 18:29:46,790 file.ManagerServant INFO Master manager not found
2019-08-19 18:29:58,877 file.ManagerServant INFO Master manager not found
2019-08-19 18:30:10,964 file.ManagerServant INFO Master manager not found
2019-08-19 18:30:23,053 file.ManagerServant INFO Master manager not found
2019-08-19 18:30:35,154 file.ManagerServant INFO Master manager not found
2019-08-19 18:30:47,240 file.ManagerServant INFO Master manager not found
2019-08-19 18:30:59,332 file.ManagerServant INFO Master manager not found
2019-08-19 18:31:11,415 file.ManagerServant INFO Master manager not found
2019-08-19 18:31:23,513 file.ManagerServant INFO Master manager not found
2019-08-19 18:31:35,614 file.ManagerServant INFO Master manager not found
2019-08-19 18:31:47,719 file.ManagerServant INFO Master manager not found
2019-08-19 18:31:59,815 file.ManagerServant INFO Master manager not found
2019-08-19 18:32:11,924 file.ManagerServant INFO Master manager not found
2019-08-19 18:32:24,029 file.ManagerServant INFO Master manager not found
2019-08-19 18:32:36,141 file.ManagerServant INFO Master manager not found
2019-08-19 18:32:48,250 file.ManagerServant INFO Master manager not found
2019-08-19 18:33:00,357 file.ManagerServant INFO Master manager not found
2019-08-19 18:33:12,454 file.ManagerServant INFO Master manager not found
2019-08-19 18:33:24,562 file.ManagerServant INFO Master manager not found
2019-08-19 18:33:36,667 file.ManagerServant INFO Master manager not found
2019-08-19 18:33:48,770 file.ManagerServant INFO Master manager not found
2019-08-19 18:34:00,881 file.ManagerServant INFO Master manager not found
2019-08-19 18:34:12,980 file.ManagerServant INFO Master manager not found
2019-08-19 18:34:25,079 file.ManagerServant INFO Master manager not found
2019-08-19 18:34:37,196 file.ManagerServant INFO Master manager not found
2019-08-19 18:34:49,305 file.ManagerServant INFO Master manager not found
2019-08-19 18:35:01,408 file.ManagerServant INFO Master manager not found
2019-08-19 18:35:13,503 file.ManagerServant INFO Master manager not found
2019-08-19 18:35:25,625 file.ManagerServant INFO Master manager not found
2019-08-19 18:35:37,734 file.ManagerServant INFO Master manager not found
2019-08-19 18:35:49,835 file.ManagerServant INFO Master manager not found
2019-08-19 18:36:01,940 file.ManagerServant INFO Master manager not found
2019-08-19 18:36:14,051 file.ManagerServant INFO Master manager not found
2019-08-19 18:36:26,160 file.ManagerServant INFO Master manager not found
2019-08-19 18:36:38,273 file.ManagerServant INFO Master manager not found
2019-08-19 18:36:50,378 file.ManagerServant INFO Master manager not found
2019-08-19 18:37:02,507 file.ManagerServant INFO Master manager not found
2019-08-19 18:37:14,621 file.ManagerServant INFO Master manager not found
2019-08-19 18:37:26,720 file.ManagerServant INFO Master manager not found
2019-08-19 18:37:38,829 file.ManagerServant INFO Master manager not found
2019-08-19 18:37:50,948 file.ManagerServant INFO Master manager not found
2019-08-19 18:38:03,052 file.ManagerServant INFO Master manager not found
2019-08-19 18:38:15,164 file.ManagerServant INFO Master manager not found
2019-08-19 18:38:27,282 file.ManagerServant INFO Master manager not found
2019-08-19 18:38:39,397 file.ManagerServant INFO Master manager not found
2019-08-19 18:38:51,520 file.ManagerServant INFO Master manager not found
2019-08-19 18:39:03,625 file.ManagerServant INFO Master manager not found
2019-08-19 18:39:15,766 file.ManagerServant INFO Master manager not found
2019-08-19 18:39:27,864 file.ManagerServant INFO Master manager not found
2019-08-19 18:39:39,963 file.ManagerServant INFO Master manager not found
2019-08-19 18:39:52,058 file.ManagerServant INFO Master manager not found
2019-08-19 18:40:04,157 file.ManagerServant INFO Master manager not found
2019-08-19 18:40:16,246 file.ManagerServant INFO Master manager not found
2019-08-19 18:40:28,341 file.ManagerServant INFO Master manager not found
2019-08-19 18:40:40,450 file.ManagerServant INFO Master manager not found
2019-08-19 18:40:52,538 file.ManagerServant INFO Master manager not found
2019-08-19 18:41:04,638 file.ManagerServant INFO Master manager not found
2019-08-19 18:41:16,732 file.ManagerServant INFO Master manager not found
2019-08-19 18:41:28,818 file.ManagerServant INFO Master manager not found
2019-08-19 18:41:40,911 file.ManagerServant INFO Master manager not found
2019-08-19 18:41:52,997 file.ManagerServant INFO Master manager not found
2019-08-19 18:42:05,092 file.ManagerServant INFO Master manager not found
2019-08-19 18:42:17,183 file.ManagerServant INFO Master manager not found
2019-08-19 18:42:29,269 file.ManagerServant INFO Master manager not found
2019-08-19 18:42:41,368 file.ManagerServant INFO Master manager not found
2019-08-19 18:42:53,461 file.ManagerServant INFO Master manager not found
2019-08-19 18:43:05,561 file.ManagerServant INFO Master manager not found
2019-08-19 18:43:17,658 file.ManagerServant INFO Master manager not found
2019-08-19 18:43:29,746 file.ManagerServant INFO Master manager not found
2019-08-19 18:43:41,838 file.ManagerServant INFO Master manager not found
2019-08-19 18:43:53,924 file.ManagerServant INFO Master manager not found
2019-08-19 18:44:06,036 file.ManagerServant INFO Master manager not found
2019-08-19 18:44:18,144 file.ManagerServant INFO Master manager not found
2019-08-19 18:44:30,253 file.ManagerServant INFO Master manager not found
2019-08-19 18:44:42,365 file.ManagerServant INFO Master manager not found
2019-08-19 18:44:54,473 file.ManagerServant INFO Master manager not found
2019-08-19 18:45:06,588 file.ManagerServant INFO Master manager not found
2019-08-19 18:45:18,696 file.ManagerServant INFO Master manager not found
2019-08-19 18:45:30,805 file.ManagerServant INFO Master manager not found
2019-08-19 18:45:42,900 file.ManagerServant INFO Master manager not found
2019-08-19 18:45:55,013 file.ManagerServant INFO Master manager not found
2019-08-19 18:46:07,119 file.ManagerServant INFO Master manager not found
2019-08-19 18:46:19,227 file.ManagerServant INFO Master manager not found
2019-08-19 18:46:31,335 file.ManagerServant INFO Master manager not found
2019-08-19 18:46:43,430 file.ManagerServant INFO Master manager not found
2019-08-19 18:46:55,540 file.ManagerServant INFO Master manager not found
2019-08-19 18:47:07,641 file.ManagerServant INFO Master manager not found
2019-08-19 18:47:19,762 file.ManagerServant INFO Master manager not found
2019-08-19 18:47:31,890 file.ManagerServant INFO Master manager not found
2019-08-19 18:47:43,986 file.ManagerServant INFO Master manager not found
2019-08-19 18:47:56,101 file.ManagerServant INFO Master manager not found
2019-08-19 18:48:08,209 file.ManagerServant INFO Master manager not found
2019-08-19 18:48:20,302 file.ManagerServant INFO Master manager not found
2019-08-19 18:48:32,403 file.ManagerServant INFO Master manager not found
2019-08-19 18:48:44,513 file.ManagerServant INFO Master manager not found
2019-08-19 18:48:56,619 file.ManagerServant INFO Master manager not found
2019-08-19 18:49:08,719 file.ManagerServant INFO Master manager not found
2019-08-19 18:49:20,823 file.ManagerServant INFO Master manager not found
2019-08-19 18:49:32,930 file.ManagerServant INFO Master manager not found
2019-08-19 18:49:45,030 file.ManagerServant INFO Master manager not found
2019-08-19 18:49:57,134 file.ManagerServant INFO Master manager not found
2019-08-19 18:50:09,269 file.ManagerServant INFO Master manager not found
2019-08-19 18:50:21,371 file.ManagerServant INFO Master manager not found
2019-08-19 18:50:33,492 file.ManagerServant INFO Master manager not found
2019-08-19 18:50:45,607 file.ManagerServant INFO Master manager not found
2019-08-19 18:50:57,730 file.ManagerServant INFO Master manager not found
2019-08-19 18:51:09,851 file.ManagerServant INFO Master manager not found
2019-08-19 18:51:14,244 file.rtobject ERROR Traceback (most recent call last):
  File "C:\Python27\lib\site-packages\OpenRTM_aist\RTObject.py", line 1571, in on_execute
    ret = self.onExecute(ec_id)
  File "C:\workspace\RSNPUnitConnector\RSNPUnitConnector.py", line 141, in onExecute
    self._Sock.send(send_data_str)
error: [Errno 10053] 確立された接続がホスト コンピューターのソウトウェアによって中止されました。

2019-08-19 18:51:21,964 file.ManagerServant INFO Master manager not found
2019-08-19 18:51:34,072 file.ManagerServant INFO Master manager not found
2019-08-19 18:51:46,184 file.ManagerServant INFO Master manager not found
2019-08-19 18:51:58,299 file.ManagerServant INFO Master manager not found
2019-08-19 18:52:10,424 file.ManagerServant INFO Master manager not found
2019-08-19 18:52:22,530 file.ManagerServant INFO Master manager not found
2019-08-19 18:52:34,641 file.ManagerServant INFO Master manager not found
2019-08-19 18:52:46,755 file.ManagerServant INFO Master manager not found
2019-08-19 18:52:58,868 file.ManagerServant INFO Master manager not found
2019-08-19 18:53:10,997 file.ManagerServant INFO Master manager not found
2019-08-19 18:53:23,109 file.ManagerServant INFO Master manager not found
2019-08-19 18:53:35,223 file.ManagerServant INFO Master manager not found
2019-08-19 18:53:47,325 file.ManagerServant INFO Master manager not found
2019-08-19 18:53:59,450 file.ManagerServant INFO Master manager not found
2019-08-19 18:54:11,556 file.ManagerServant INFO Master manager not found
2019-08-19 18:54:23,671 file.ManagerServant INFO Master manager not found
2019-08-19 18:54:35,795 file.ManagerServant INFO Master manager not found
2019-08-19 18:54:47,921 file.ManagerServant INFO Master manager not found
2019-08-19 18:55:00,036 file.ManagerServant INFO Master manager not found
2019-08-19 18:55:12,158 file.ManagerServant INFO Master manager not found
2019-08-19 18:55:24,273 file.ManagerServant INFO Master manager not found
2019-08-19 18:55:36,398 file.ManagerServant INFO Master manager not found
2019-08-19 18:55:48,525 file.ManagerServant INFO Master manager not found
2019-08-19 18:56:00,653 file.ManagerServant INFO Master manager not found
2019-08-19 18:56:12,759 file.ManagerServant INFO Master manager not found
2019-08-19 18:56:24,869 file.ManagerServant INFO Master manager not found
2019-08-19 18:56:36,987 file.ManagerServant INFO Master manager not found
2019-08-19 18:56:49,098 file.ManagerServant INFO Master manager not found
2019-08-19 18:57:01,213 file.ManagerServant INFO Master manager not found
2019-08-19 18:57:13,326 file.ManagerServant INFO Master manager not found
2019-08-19 18:57:25,453 file.ManagerServant INFO Master manager not found
2019-08-19 18:57:37,575 file.ManagerServant INFO Master manager not found
2019-08-19 18:57:49,676 file.ManagerServant INFO Master manager not found
2019-08-19 18:58:01,786 file.ManagerServant INFO Master manager not found
2019-08-19 18:58:13,913 file.ManagerServant INFO Master manager not found
2019-08-19 18:58:26,039 file.ManagerServant INFO Master manager not found
2019-08-19 18:58:38,153 file.ManagerServant INFO Master manager not found
2019-08-19 18:58:50,267 file.ManagerServant INFO Master manager not found
2019-08-19 18:59:02,375 file.ManagerServant INFO Master manager not found
2019-08-19 18:59:14,483 file.ManagerServant INFO Master manager not found
2019-08-19 18:59:26,607 file.ManagerServant INFO Master manager not found
2019-08-19 18:59:38,730 file.ManagerServant INFO Master manager not found
2019-08-19 18:59:50,844 file.ManagerServant INFO Master manager not found
2019-08-19 19:00:02,953 file.ManagerServant INFO Master manager not found
2019-08-19 19:00:15,086 file.ManagerServant INFO Master manager not found
2019-08-19 19:00:27,211 file.ManagerServant INFO Master manager not found
2019-08-19 19:00:39,321 file.ManagerServant INFO Master manager not found
2019-08-19 19:00:51,447 file.ManagerServant INFO Master manager not found
2019-08-19 19:01:03,553 file.ManagerServant INFO Master manager not found
2019-08-19 19:01:15,671 file.ManagerServant INFO Master manager not found
2019-08-19 19:01:27,778 file.ManagerServant INFO Master manager not found
2019-08-19 19:01:39,888 file.ManagerServant INFO Master manager not found
2019-08-19 19:01:52,000 file.ManagerServant INFO Master manager not found
2019-08-19 19:02:04,119 file.ManagerServant INFO Master manager not found
2019-08-19 19:02:16,239 file.ManagerServant INFO Master manager not found
2019-08-19 19:02:28,361 file.ManagerServant INFO Master manager not found
2019-08-19 19:02:40,470 file.ManagerServant INFO Master manager not found
2019-08-19 19:02:52,581 file.ManagerServant INFO Master manager not found
2019-08-19 19:03:04,687 file.ManagerServant INFO Master manager not found
2019-08-19 19:03:16,790 file.ManagerServant INFO Master manager not found
2019-08-19 19:03:28,907 file.ManagerServant INFO Master manager not found
2019-08-19 19:03:41,042 file.ManagerServant INFO Master manager not found
2019-08-19 19:03:53,171 file.ManagerServant INFO Master manager not found
2019-08-19 19:04:05,289 file.ManagerServant INFO Master manager not found
2019-08-19 19:04:17,398 file.ManagerServant INFO Master manager not found
2019-08-19 19:04:29,507 file.ManagerServant INFO Master manager not found
2019-08-19 19:04:41,615 file.ManagerServant INFO Master manager not found
2019-08-19 19:04:53,739 file.ManagerServant INFO Master manager not found
2019-08-19 19:05:05,854 file.ManagerServant INFO Master manager not found
2019-08-19 19:05:17,974 file.ManagerServant INFO Master manager not found
2019-08-19 19:05:30,088 file.ManagerServant INFO Master manager not found
2019-08-19 19:05:42,194 file.ManagerServant INFO Master manager not found
2019-08-19 19:05:54,316 file.ManagerServant INFO Master manager not found
2019-08-19 19:06:06,450 file.ManagerServant INFO Master manager not found
2019-08-19 19:06:18,556 file.ManagerServant INFO Master manager not found
2019-08-19 19:06:30,674 file.ManagerServant INFO Master manager not found
2019-08-19 19:06:42,793 file.ManagerServant INFO Master manager not found
2019-08-19 19:06:54,911 file.ManagerServant INFO Master manager not found
2019-08-19 19:07:07,029 file.ManagerServant INFO Master manager not found
2019-08-19 19:07:19,141 file.ManagerServant INFO Master manager not found
2019-08-19 19:07:31,266 file.ManagerServant INFO Master manager not found
2019-08-19 19:07:43,372 file.ManagerServant INFO Master manager not found
2019-08-19 19:07:55,499 file.ManagerServant INFO Master manager not found
2019-08-19 19:08:07,599 file.ManagerServant INFO Master manager not found
2019-08-19 19:08:19,709 file.ManagerServant INFO Master manager not found
2019-08-19 19:08:31,825 file.ManagerServant INFO Master manager not found
2019-08-19 19:08:43,937 file.ManagerServant INFO Master manager not found
2019-08-19 19:08:56,055 file.ManagerServant INFO Master manager not found
2019-08-19 19:09:08,167 file.ManagerServant INFO Master manager not found
2019-08-19 19:09:20,282 file.ManagerServant INFO Master manager not found
2019-08-19 19:09:32,410 file.ManagerServant INFO Master manager not found
2019-08-19 19:09:44,538 file.ManagerServant INFO Master manager not found
2019-08-19 19:09:56,650 file.ManagerServant INFO Master manager not found
2019-08-19 19:10:08,770 file.ManagerServant INFO Master manager not found
2019-08-19 19:10:20,884 file.ManagerServant INFO Master manager not found
2019-08-19 19:10:32,989 file.ManagerServant INFO Master manager not found
2019-08-19 19:10:45,118 file.ManagerServant INFO Master manager not found
2019-08-19 19:10:57,236 file.ManagerServant INFO Master manager not found
2019-08-19 19:11:09,359 file.ManagerServant INFO Master manager not found
2019-08-19 19:11:21,464 file.ManagerServant INFO Master manager not found
2019-08-19 19:11:33,573 file.ManagerServant INFO Master manager not found
2019-08-19 19:11:45,690 file.ManagerServant INFO Master manager not found
2019-08-19 19:11:57,808 file.ManagerServant INFO Master manager not found
2019-08-19 19:12:09,913 file.ManagerServant INFO Master manager not found
2019-08-19 19:12:22,025 file.ManagerServant INFO Master manager not found
2019-08-19 19:12:34,141 file.ManagerServant INFO Master manager not found
2019-08-19 19:12:46,250 file.ManagerServant INFO Master manager not found
2019-08-19 19:12:58,361 file.ManagerServant INFO Master manager not found
2019-08-19 19:13:10,470 file.ManagerServant INFO Master manager not found
2019-08-19 19:13:22,584 file.ManagerServant INFO Master manager not found
2019-08-19 19:13:34,690 file.ManagerServant INFO Master manager not found
2019-08-19 19:13:46,802 file.ManagerServant INFO Master manager not found
2019-08-19 19:13:58,908 file.ManagerServant INFO Master manager not found
2019-08-19 19:14:11,019 file.ManagerServant INFO Master manager not found
2019-08-19 19:14:23,147 file.ManagerServant INFO Master manager not found
2019-08-19 19:14:35,260 file.ManagerServant INFO Master manager not found
2019-08-19 19:14:47,375 file.ManagerServant INFO Master manager not found
2019-08-19 19:14:59,496 file.ManagerServant INFO Master manager not found
2019-08-19 19:15:11,619 file.ManagerServant INFO Master manager not found
2019-08-19 19:15:23,733 file.ManagerServant INFO Master manager not found
2019-08-19 19:15:35,844 file.ManagerServant INFO Master manager not found
2019-08-19 19:15:47,953 file.ManagerServant INFO Master manager not found
2019-08-19 19:16:00,076 file.ManagerServant INFO Master manager not found
2019-08-19 19:16:12,203 file.ManagerServant INFO Master manager not found
2019-08-19 19:16:24,325 file.ManagerServant INFO Master manager not found
2019-08-19 19:16:36,453 file.ManagerServant INFO Master manager not found
2019-08-19 19:16:48,558 file.ManagerServant INFO Master manager not found
2019-08-19 19:17:00,665 file.ManagerServant INFO Master manager not found
2019-08-19 19:17:12,773 file.ManagerServant INFO Master manager not found
2019-08-19 19:17:24,881 file.ManagerServant INFO Master manager not found
2019-08-19 19:17:36,994 file.ManagerServant INFO Master manager not found
2019-08-19 19:17:49,101 file.ManagerServant INFO Master manager not found
2019-08-19 19:18:01,220 file.ManagerServant INFO Master manager not found
2019-08-19 19:18:13,328 file.ManagerServant INFO Master manager not found
2019-08-19 19:18:25,451 file.ManagerServant INFO Master manager not found
2019-08-19 19:18:37,573 file.ManagerServant INFO Master manager not found
2019-08-19 19:18:49,710 file.ManagerServant INFO Master manager not found
2019-08-19 19:19:01,845 file.ManagerServant INFO Master manager not found
2019-08-19 19:19:13,967 file.ManagerServant INFO Master manager not found
2019-08-19 19:19:26,075 file.ManagerServant INFO Master manager not found
2019-08-19 19:19:38,210 file.ManagerServant INFO Master manager not found
2019-08-19 19:19:50,325 file.ManagerServant INFO Master manager not found
2019-08-19 19:20:02,450 file.ManagerServant INFO Master manager not found
2019-08-19 19:20:14,566 file.ManagerServant INFO Master manager not found
2019-08-19 19:20:26,671 file.ManagerServant INFO Master manager not found
2019-08-19 19:20:38,801 file.ManagerServant INFO Master manager not found
2019-08-19 19:20:50,910 file.ManagerServant INFO Master manager not found
2019-08-19 19:21:03,033 file.ManagerServant INFO Master manager not found
2019-08-19 19:21:15,157 file.ManagerServant INFO Master manager not found
2019-08-19 19:21:27,269 file.ManagerServant INFO Master manager not found
2019-08-19 19:21:39,384 file.ManagerServant INFO Master manager not found
2019-08-19 19:21:51,512 file.ManagerServant INFO Master manager not found
2019-08-19 19:22:03,627 file.ManagerServant INFO Master manager not found
2019-08-19 19:22:15,744 file.ManagerServant INFO Master manager not found
2019-08-19 19:22:27,871 file.ManagerServant INFO Master manager not found
2019-08-19 19:22:39,983 file.ManagerServant INFO Master manager not found
2019-08-19 19:22:52,108 file.ManagerServant INFO Master manager not found
2019-08-19 19:23:04,233 file.ManagerServant INFO Master manager not found
2019-08-19 19:23:16,335 file.ManagerServant INFO Master manager not found
2019-08-19 19:23:28,454 file.ManagerServant INFO Master manager not found
2019-08-19 19:23:40,589 file.ManagerServant INFO Master manager not found
2019-08-19 19:23:52,706 file.ManagerServant INFO Master manager not found
2019-08-19 19:24:04,818 file.ManagerServant INFO Master manager not found
2019-08-19 19:24:16,933 file.ManagerServant INFO Master manager not found
2019-08-19 19:24:29,040 file.ManagerServant INFO Master manager not found
2019-08-19 19:24:41,151 file.ManagerServant INFO Master manager not found
2019-08-19 19:24:53,285 file.ManagerServant INFO Master manager not found
2019-08-19 19:25:05,410 file.ManagerServant INFO Master manager not found
2019-08-19 19:25:17,528 file.ManagerServant INFO Master manager not found
2019-08-19 19:25:29,637 file.ManagerServant INFO Master manager not found
2019-08-19 19:25:41,753 file.ManagerServant INFO Master manager not found
2019-08-19 19:25:53,865 file.ManagerServant INFO Master manager not found
2019-08-19 19:26:05,983 file.ManagerServant INFO Master manager not found
2019-08-19 19:26:18,105 file.ManagerServant INFO Master manager not found
2019-08-19 19:26:30,223 file.ManagerServant INFO Master manager not found
2019-08-19 19:26:42,329 file.ManagerServant INFO Master manager not found
2019-08-19 19:26:54,444 file.ManagerServant INFO Master manager not found
2019-08-19 19:27:06,559 file.ManagerServant INFO Master manager not found
2019-08-19 19:27:18,664 file.ManagerServant INFO Master manager not found
2019-08-19 19:27:30,779 file.ManagerServant INFO Master manager not found
2019-08-19 19:27:42,891 file.ManagerServant INFO Master manager not found
2019-08-19 19:27:55,023 file.ManagerServant INFO Master manager not found
2019-08-19 19:28:07,140 file.ManagerServant INFO Master manager not found
2019-08-19 19:28:19,255 file.ManagerServant INFO Master manager not found
2019-08-19 19:28:31,367 file.ManagerServant INFO Master manager not found
2019-08-19 19:28:43,480 file.ManagerServant INFO Master manager not found
2019-08-19 19:28:55,598 file.ManagerServant INFO Master manager not found
2019-08-19 19:29:07,726 file.ManagerServant INFO Master manager not found
2019-08-19 19:29:19,855 file.ManagerServant INFO Master manager not found
2019-08-19 19:29:31,986 file.ManagerServant INFO Master manager not found
2019-08-19 19:29:44,096 file.ManagerServant INFO Master manager not found
2019-08-19 19:29:56,200 file.ManagerServant INFO Master manager not found
2019-08-19 19:30:08,312 file.ManagerServant INFO Master manager not found
2019-08-19 19:30:20,424 file.ManagerServant INFO Master manager not found
2019-08-19 19:30:32,552 file.ManagerServant INFO Master manager not found
2019-08-19 19:30:44,661 file.ManagerServant INFO Master manager not found
2019-08-19 19:30:56,795 file.ManagerServant INFO Master manager not found
2019-08-19 19:31:08,900 file.ManagerServant INFO Master manager not found
2019-08-19 19:31:21,019 file.ManagerServant INFO Master manager not found
2019-08-19 19:31:33,128 file.ManagerServant INFO Master manager not found
2019-08-19 19:31:45,246 file.ManagerServant INFO Master manager not found
2019-08-19 19:31:57,361 file.ManagerServant INFO Master manager not found
2019-08-19 19:32:09,474 file.ManagerServant INFO Master manager not found
2019-08-19 19:32:21,582 file.ManagerServant INFO Master manager not found
2019-08-19 19:32:33,690 file.ManagerServant INFO Master manager not found
2019-08-19 19:32:45,806 file.ManagerServant INFO Master manager not found
2019-08-19 19:32:57,933 file.ManagerServant INFO Master manager not found
2019-08-19 19:33:10,045 file.ManagerServant INFO Master manager not found
2019-08-19 19:33:22,170 file.ManagerServant INFO Master manager not found
2019-08-19 19:33:34,273 file.ManagerServant INFO Master manager not found
2019-08-19 19:33:46,403 file.ManagerServant INFO Master manager not found
2019-08-19 19:33:58,516 file.ManagerServant INFO Master manager not found
2019-08-19 19:34:10,628 file.ManagerServant INFO Master manager not found
2019-08-19 19:34:22,749 file.ManagerServant INFO Master manager not found
2019-08-19 19:34:34,864 file.ManagerServant INFO Master manager not found
2019-08-19 19:34:46,983 file.ManagerServant INFO Master manager not found
2019-08-19 19:34:59,092 file.ManagerServant INFO Master manager not found
2019-08-19 19:35:11,207 file.ManagerServant INFO Master manager not found
2019-08-19 19:35:23,331 file.ManagerServant INFO Master manager not found
2019-08-19 19:35:35,437 file.ManagerServant INFO Master manager not found
2019-08-19 19:35:47,549 file.ManagerServant INFO Master manager not found
2019-08-19 19:35:59,661 file.ManagerServant INFO Master manager not found
2019-08-19 19:36:11,767 file.ManagerServant INFO Master manager not found
2019-08-19 19:36:23,874 file.ManagerServant INFO Master manager not found
2019-08-19 19:36:35,989 file.ManagerServant INFO Master manager not found
2019-08-19 19:36:48,099 file.ManagerServant INFO Master manager not found
2019-08-19 19:37:00,210 file.ManagerServant INFO Master manager not found
2019-08-19 19:37:12,325 file.ManagerServant INFO Master manager not found
2019-08-19 19:37:24,437 file.ManagerServant INFO Master manager not found
2019-08-19 19:37:36,556 file.ManagerServant INFO Master manager not found
2019-08-19 19:37:48,684 file.ManagerServant INFO Master manager not found
2019-08-19 19:38:00,793 file.ManagerServant INFO Master manager not found
2019-08-19 19:38:12,918 file.ManagerServant INFO Master manager not found
2019-08-19 19:38:25,025 file.ManagerServant INFO Master manager not found
2019-08-19 19:38:37,130 file.ManagerServant INFO Master manager not found
2019-08-19 19:38:49,240 file.ManagerServant INFO Master manager not found
2019-08-19 19:39:01,361 file.ManagerServant INFO Master manager not found
2019-08-19 19:39:13,479 file.ManagerServant INFO Master manager not found
2019-08-19 19:39:25,596 file.ManagerServant INFO Master manager not found
2019-08-19 19:39:37,709 file.ManagerServant INFO Master manager not found
2019-08-19 19:39:49,812 file.ManagerServant INFO Master manager not found
2019-08-19 19:40:01,926 file.ManagerServant INFO Master manager not found
2019-08-19 19:40:14,036 file.ManagerServant INFO Master manager not found
2019-08-19 19:40:26,148 file.ManagerServant INFO Master manager not found
2019-08-19 19:40:38,265 file.ManagerServant INFO Master manager not found
2019-08-19 19:40:50,369 file.ManagerServant INFO Master manager not found
2019-08-19 19:41:02,493 file.ManagerServant INFO Master manager not found
2019-08-19 19:41:14,596 file.ManagerServant INFO Master manager not found
2019-08-19 19:41:26,717 file.ManagerServant INFO Master manager not found
2019-08-19 19:41:38,832 file.ManagerServant INFO Master manager not found
2019-08-19 19:41:50,944 file.ManagerServant INFO Master manager not found
2019-08-19 19:42:03,062 file.ManagerServant INFO Master manager not found
2019-08-19 19:42:15,170 file.ManagerServant INFO Master manager not found
2019-08-19 19:42:27,286 file.ManagerServant INFO Master manager not found
2019-08-19 19:42:39,391 file.ManagerServant INFO Master manager not found
2019-08-19 19:42:51,505 file.ManagerServant INFO Master manager not found
2019-08-19 19:43:03,621 file.ManagerServant INFO Master manager not found
2019-08-19 19:43:15,736 file.ManagerServant INFO Master manager not found
2019-08-19 19:43:27,846 file.ManagerServant INFO Master manager not found
2019-08-19 19:43:39,980 file.ManagerServant INFO Master manager not found
2019-08-19 19:43:52,091 file.ManagerServant INFO Master manager not found
2019-08-19 19:44:04,213 file.ManagerServant INFO Master manager not found
2019-08-19 19:44:16,319 file.ManagerServant INFO Master manager not found
2019-08-19 19:44:28,434 file.ManagerServant INFO Master manager not found
2019-08-19 19:44:40,552 file.ManagerServant INFO Master manager not found
2019-08-19 19:44:52,667 file.ManagerServant INFO Master manager not found
2019-08-19 19:45:04,786 file.ManagerServant INFO Master manager not found
2019-08-19 19:45:16,910 file.ManagerServant INFO Master manager not found
2019-08-19 19:45:29,020 file.ManagerServant INFO Master manager not found
2019-08-19 19:45:41,148 file.ManagerServant INFO Master manager not found
2019-08-19 19:45:53,279 file.ManagerServant INFO Master manager not found
2019-08-19 19:46:05,391 file.ManagerServant INFO Master manager not found
2019-08-19 19:46:17,513 file.ManagerServant INFO Master manager not found
2019-08-19 19:46:29,619 file.ManagerServant INFO Master manager not found
2019-08-19 19:46:41,726 file.ManagerServant INFO Master manager not found
2019-08-19 19:46:53,835 file.ManagerServant INFO Master manager not found
2019-08-19 19:47:05,950 file.ManagerServant INFO Master manager not found
2019-08-19 19:47:18,058 file.ManagerServant INFO Master manager not found
2019-08-19 19:47:30,170 file.ManagerServant INFO Master manager not found
2019-08-19 19:47:42,292 file.ManagerServant INFO Master manager not found
2019-08-19 19:47:54,408 file.ManagerServant INFO Master manager not found
2019-08-19 19:48:06,519 file.ManagerServant INFO Master manager not found
2019-08-19 19:48:18,634 file.ManagerServant INFO Master manager not found
2019-08-19 19:48:30,765 file.ManagerServant INFO Master manager not found
2019-08-19 19:48:42,874 file.ManagerServant INFO Master manager not found
2019-08-19 19:48:55,029 file.ManagerServant INFO Master manager not found
2019-08-19 19:49:07,144 file.ManagerServant INFO Master manager not found
2019-08-19 19:49:19,266 file.ManagerServant INFO Master manager not found
2019-08-19 19:49:31,378 file.ManagerServant INFO Master manager not found
2019-08-19 19:49:43,483 file.ManagerServant INFO Master manager not found
2019-08-19 19:49:55,592 file.ManagerServant INFO Master manager not found
2019-08-19 19:50:07,701 file.ManagerServant INFO Master manager not found
2019-08-19 19:50:19,836 file.ManagerServant INFO Master manager not found
2019-08-19 19:50:31,943 file.ManagerServant INFO Master manager not found
2019-08-19 19:50:44,075 file.ManagerServant INFO Master manager not found
2019-08-19 19:50:56,194 file.ManagerServant INFO Master manager not found
2019-08-19 19:51:08,309 file.ManagerServant INFO Master manager not found
2019-08-19 19:51:20,423 file.ManagerServant INFO Master manager not found
2019-08-19 19:51:32,549 file.ManagerServant INFO Master manager not found
2019-08-19 19:51:44,657 file.ManagerServant INFO Master manager not found
2019-08-19 19:51:56,770 file.ManagerServant INFO Master manager not found
2019-08-19 19:52:08,888 file.ManagerServant INFO Master manager not found
2019-08-19 19:52:20,993 file.ManagerServant INFO Master manager not found
2019-08-19 19:52:33,108 file.ManagerServant INFO Master manager not found
2019-08-19 19:52:45,217 file.ManagerServant INFO Master manager not found
2019-08-19 19:52:57,328 file.ManagerServant INFO Master manager not found
2019-08-19 19:53:09,438 file.ManagerServant INFO Master manager not found
2019-08-19 19:53:21,549 file.ManagerServant INFO Master manager not found
2019-08-19 19:53:33,664 file.ManagerServant INFO Master manager not found
2019-08-19 19:53:45,776 file.ManagerServant INFO Master manager not found
2019-08-19 19:53:57,884 file.ManagerServant INFO Master manager not found
2019-08-19 19:54:09,989 file.ManagerServant INFO Master manager not found
2019-08-19 19:54:22,105 file.ManagerServant INFO Master manager not found
2019-08-19 19:54:34,217 file.ManagerServant INFO Master manager not found
2019-08-19 19:54:46,328 file.ManagerServant INFO Master manager not found
2019-08-19 19:54:58,461 file.ManagerServant INFO Master manager not found
2019-08-19 19:55:10,579 file.ManagerServant INFO Master manager not found
2019-08-19 19:55:22,697 file.ManagerServant INFO Master manager not found
2019-08-19 19:55:34,819 file.ManagerServant INFO Master manager not found
2019-08-19 19:55:46,934 file.ManagerServant INFO Master manager not found
2019-08-19 19:55:59,049 file.ManagerServant INFO Master manager not found
2019-08-19 19:56:11,151 file.ManagerServant INFO Master manager not found
2019-08-19 19:56:23,269 file.ManagerServant INFO Master manager not found
2019-08-19 19:56:35,405 file.ManagerServant INFO Master manager not found
2019-08-19 19:56:47,519 file.ManagerServant INFO Master manager not found
2019-08-19 19:56:59,644 file.ManagerServant INFO Master manager not found
2019-08-19 19:57:11,769 file.ManagerServant INFO Master manager not found
2019-08-19 19:57:23,878 file.ManagerServant INFO Master manager not found
2019-08-19 19:57:35,989 file.ManagerServant INFO Master manager not found
2019-08-19 19:57:48,099 file.ManagerServant INFO Master manager not found
2019-08-19 19:58:00,207 file.ManagerServant INFO Master manager not found
2019-08-19 19:58:12,325 file.ManagerServant INFO Master manager not found
2019-08-19 19:58:24,448 file.ManagerServant INFO Master manager not found
2019-08-19 19:58:36,566 file.ManagerServant INFO Master manager not found
2019-08-19 19:58:48,677 file.ManagerServant INFO Master manager not found
2019-08-19 19:59:00,802 file.ManagerServant INFO Master manager not found
2019-08-19 19:59:12,923 file.ManagerServant INFO Master manager not found
2019-08-19 19:59:25,029 file.ManagerServant INFO Master manager not found
2019-08-19 19:59:37,163 file.ManagerServant INFO Master manager not found
2019-08-19 19:59:49,269 file.ManagerServant INFO Master manager not found
2019-08-19 20:00:01,385 file.ManagerServant INFO Master manager not found
2019-08-19 20:00:13,515 file.ManagerServant INFO Master manager not found
2019-08-19 20:00:25,630 file.ManagerServant INFO Master manager not found
2019-08-19 20:00:37,736 file.ManagerServant INFO Master manager not found
2019-08-19 20:00:49,857 file.ManagerServant INFO Master manager not found
2019-08-19 20:01:01,970 file.ManagerServant INFO Master manager not found
2019-08-19 20:01:14,094 file.ManagerServant INFO Master manager not found
2019-08-19 20:01:26,201 file.ManagerServant INFO Master manager not found
2019-08-19 20:01:38,335 file.ManagerServant INFO Master manager not found
2019-08-19 20:01:50,453 file.ManagerServant INFO Master manager not found
2019-08-19 20:02:02,575 file.ManagerServant INFO Master manager not found
2019-08-19 20:02:14,703 file.ManagerServant INFO Master manager not found
2019-08-19 20:02:26,829 file.ManagerServant INFO Master manager not found
2019-08-19 20:02:38,953 file.ManagerServant INFO Master manager not found
2019-08-19 20:02:51,062 file.ManagerServant INFO Master manager not found
2019-08-19 20:03:03,174 file.ManagerServant INFO Master manager not found
2019-08-19 20:03:15,282 file.ManagerServant INFO Master manager not found
2019-08-19 20:03:27,391 file.ManagerServant INFO Master manager not found
2019-08-19 20:03:39,494 file.ManagerServant INFO Master manager not found
2019-08-19 20:03:51,609 file.ManagerServant INFO Master manager not found
2019-08-19 20:04:03,730 file.ManagerServant INFO Master manager not found
2019-08-19 20:04:15,845 file.ManagerServant INFO Master manager not found
2019-08-19 20:04:27,959 file.ManagerServant INFO Master manager not found
2019-08-19 20:04:40,063 file.ManagerServant INFO Master manager not found
2019-08-19 20:04:52,174 file.ManagerServant INFO Master manager not found
2019-08-19 20:05:04,299 file.ManagerServant INFO Master manager not found
2019-08-19 20:05:16,400 file.ManagerServant INFO Master manager not found
2019-08-19 20:05:28,525 file.ManagerServant INFO Master manager not found
2019-08-19 20:05:40,638 file.ManagerServant INFO Master manager not found
2019-08-19 20:05:52,750 file.ManagerServant INFO Master manager not found
2019-08-19 20:06:04,868 file.ManagerServant INFO Master manager not found
2019-08-19 20:06:16,970 file.ManagerServant INFO Master manager not found
2019-08-19 20:06:29,081 file.ManagerServant INFO Master manager not found
2019-08-19 20:06:41,197 file.ManagerServant INFO Master manager not found
2019-08-19 20:06:53,322 file.ManagerServant INFO Master manager not found
2019-08-19 20:07:05,431 file.ManagerServant INFO Master manager not found
2019-08-19 20:07:17,546 file.ManagerServant INFO Master manager not found
2019-08-19 20:07:29,654 file.ManagerServant INFO Master manager not found
2019-08-19 20:07:41,772 file.ManagerServant INFO Master manager not found
2019-08-19 20:07:53,891 file.ManagerServant INFO Master manager not found
2019-08-19 20:08:05,994 file.ManagerServant INFO Master manager not found
2019-08-19 20:08:18,115 file.ManagerServant INFO Master manager not found
2019-08-19 20:08:30,223 file.ManagerServant INFO Master manager not found
2019-08-19 20:08:42,342 file.ManagerServant INFO Master manager not found
2019-08-19 20:08:54,448 file.ManagerServant INFO Master manager not found
2019-08-19 20:09:06,565 file.ManagerServant INFO Master manager not found
2019-08-19 20:09:18,694 file.ManagerServant INFO Master manager not found
2019-08-19 20:09:30,809 file.ManagerServant INFO Master manager not found
2019-08-19 20:09:42,924 file.ManagerServant INFO Master manager not found
2019-08-19 20:09:55,045 file.ManagerServant INFO Master manager not found
2019-08-19 20:10:07,154 file.ManagerServant INFO Master manager not found
2019-08-19 20:10:19,263 file.ManagerServant INFO Master manager not found
2019-08-19 20:10:31,375 file.ManagerServant INFO Master manager not found
2019-08-19 20:10:43,490 file.ManagerServant INFO Master manager not found
2019-08-19 20:10:55,607 file.ManagerServant INFO Master manager not found
2019-08-19 20:11:07,721 file.ManagerServant INFO Master manager not found
2019-08-19 20:11:19,831 file.ManagerServant INFO Master manager not found
2019-08-19 20:11:31,970 file.ManagerServant INFO Master manager not found
2019-08-19 20:11:44,078 file.ManagerServant INFO Master manager not found
2019-08-19 20:11:56,187 file.ManagerServant INFO Master manager not found
2019-08-19 20:12:08,301 file.ManagerServant INFO Master manager not found
2019-08-19 20:12:20,414 file.ManagerServant INFO Master manager not found
2019-08-19 20:12:27,437 file.ec_worker ERROR State of the RTC is not ACTIVE_STATE.
2019-08-19 20:12:27,441 file.ec_worker WARNING ExecutionContext is already stopped.
2019-08-19 20:12:27,443 file.ec_base ERROR Invoking on_shutdown() for each RTC failed.
