2019-08-19 17:51:10,473 file.manager INFO 1.2.0
2019-08-19 17:51:10,473 file.manager INFO Copyright (C) 2003-2010
2019-08-19 17:51:10,473 file.manager INFO   Noriaki Ando
2019-08-19 17:51:10,473 file.manager INFO   Intelligent Systems Research Institute, AIST
2019-08-19 17:51:10,473 file.manager INFO Manager starting.
2019-08-19 17:51:10,473 file.manager INFO Starting local logging.
2019-08-19 17:51:10,480 file.manager.namingmanager INFO NameServer connection succeeded: corba/localhost
2019-08-19 17:51:12,499 file.ManagerServant INFO Master manager not found
2019-08-19 17:51:12,500 file.LocalServiceAdmin INFO All the local services are enabled.
2019-08-19 17:51:12,505 file.manager INFO Component type conf file: RSNPUnitConnector.conf loaded.
2019-08-19 17:51:12,509 file.ec_base INFO setRate(1000000.000000) done
2019-08-19 17:51:12,509 file.ec_base INFO setRate(1000.000000) done
2019-08-19 17:51:12,509 file.rtobject INFO 1 execution context was created.
2019-08-19 17:51:12,510 file.rtobject INFO Initial active configuration set is default.
2019-08-19 17:51:15,565 file.SdoServiceAdmin WARNING No available SDO service in the factory: 
2019-08-19 17:51:15,565 file.SdoServiceAdmin ERROR type  already exists.
2019-08-19 17:51:24,575 file.ManagerServant INFO Master manager not found
2019-08-19 17:51:36,651 file.ManagerServant INFO Master manager not found
2019-08-19 17:51:44,604 file.ec_worker ERROR State of the RTC is not ERROR_STATE.
2019-08-19 17:51:48,766 file.ManagerServant INFO Master manager not found
2019-08-19 17:52:00,842 file.ManagerServant INFO Master manager not found
2019-08-19 17:52:12,918 file.ManagerServant INFO Master manager not found
2019-08-19 17:52:24,989 file.ManagerServant INFO Master manager not found
2019-08-19 17:52:37,049 file.ManagerServant INFO Master manager not found
2019-08-19 17:52:49,124 file.ManagerServant INFO Master manager not found
2019-08-19 17:53:01,191 file.ManagerServant INFO Master manager not found
2019-08-19 17:53:13,253 file.ManagerServant INFO Master manager not found
2019-08-19 17:53:25,336 file.ManagerServant INFO Master manager not found
2019-08-19 17:53:37,397 file.ManagerServant INFO Master manager not found
2019-08-19 17:53:49,470 file.ManagerServant INFO Master manager not found
2019-08-19 17:54:01,542 file.ManagerServant INFO Master manager not found
2019-08-19 17:54:13,611 file.ManagerServant INFO Master manager not found
2019-08-19 17:54:25,678 file.ManagerServant INFO Master manager not found
2019-08-19 17:54:37,763 file.ManagerServant INFO Master manager not found
2019-08-19 17:54:49,828 file.ManagerServant INFO Master manager not found
2019-08-19 17:55:01,903 file.ManagerServant INFO Master manager not found
2019-08-19 17:55:13,973 file.ManagerServant INFO Master manager not found
2019-08-19 17:55:26,043 file.ManagerServant INFO Master manager not found
2019-08-19 17:55:38,115 file.ManagerServant INFO Master manager not found
2019-08-19 17:55:50,181 file.ManagerServant INFO Master manager not found
2019-08-19 17:56:02,267 file.ManagerServant INFO Master manager not found
2019-08-19 17:56:04,292 file.ec_worker ERROR State of the RTC is not ACTIVE_STATE.
2019-08-19 17:56:04,295 file.ec_worker WARNING ExecutionContext is already stopped.
2019-08-19 17:56:04,295 file.ec_base ERROR Invoking on_shutdown() for each RTC failed.
